<?xml version="1.0" encoding="UTF-8"?><testsuite name="nosetests" tests="1350" errors="12" failures="0" skip="0"><testcase classname="tests.unit.auth.test_signers.TestHMACV1" name="test_bucket_operations" time="0.001"></testcase><testcase classname="tests.unit.auth.test_signers.TestHMACV1" name="test_duplicate_headers" time="0.002"></testcase><testcase classname="tests.unit.auth.test_signers.TestHMACV1" name="test_put" time="0.001"></testcase><testcase classname="tests.unit.auth.test_signers.TestHMACV1" name="test_query_string" time="0.001"></testcase><testcase classname="tests.unit.auth.test_signers.TestHMACV1" name="test_resign_uses_most_recent_date" time="0.001"></testcase><testcase classname="tests.unit.auth.test_signers.TestHMACV1" name="test_resign_with_token" time="0.001"></testcase><testcase classname="tests.unit.auth.test_signers.TestHMACV1" name="test_sign_with_token" time="0.001"></testcase><testcase classname="tests.unit.auth.test_signers.TestS3SigV2Post" name="test_empty_fields_and_policy" time="0.001"></testcase><testcase classname="tests.unit.auth.test_signers.TestS3SigV2Post" name="test_presign_post" time="0.001"></testcase><testcase classname="tests.unit.auth.test_signers.TestS3SigV2Post" name="test_presign_post_with_security_token" time="0.000"></testcase><testcase classname="tests.unit.auth.test_signers.TestS3SigV2Presign" name="test_presign_no_headers" time="0.001"></testcase><testcase classname="tests.unit.auth.test_signers.TestS3SigV2Presign" name="test_presign_with_content_headers" time="0.001"></testcase><testcase classname="tests.unit.auth.test_signers.TestS3SigV2Presign" name="test_presign_with_query_string" time="0.002"></testcase><testcase classname="tests.unit.auth.test_signers.TestS3SigV2Presign" name="test_presign_with_unused_headers" time="0.001"></testcase><testcase classname="tests.unit.auth.test_signers.TestS3SigV2Presign" name="test_presign_with_x_amz_headers" time="0.001"></testcase><testcase classname="tests.unit.auth.test_signers.TestS3SigV4Auth" name="test_blacklist_expect_headers" time="0.002"></testcase><testcase classname="tests.unit.auth.test_signers.TestS3SigV4Auth" name="test_blacklist_headers" time="0.002"></testcase><testcase classname="tests.unit.auth.test_signers.TestS3SigV4Auth" name="test_blacklist_trace_id" time="0.002"></testcase><testcase classname="tests.unit.auth.test_signers.TestS3SigV4Auth" name="test_context_sets_signing_region" time="0.003"></testcase><testcase classname="tests.unit.auth.test_signers.TestS3SigV4Auth" name="test_does_not_use_sha256_if_config_value_is_false" time="0.002"></testcase><testcase classname="tests.unit.auth.test_signers.TestS3SigV4Auth" name="test_does_not_use_sha256_if_md5_set" time="0.002"></testcase><testcase classname="tests.unit.auth.test_signers.TestS3SigV4Auth" name="test_query_string_params_in_urls" time="0.001"></testcase><testcase classname="tests.unit.auth.test_signers.TestS3SigV4Auth" name="test_resign_with_content_hash" time="0.002"></testcase><testcase classname="tests.unit.auth.test_signers.TestS3SigV4Auth" name="test_signature_is_not_normalized" time="0.002"></testcase><testcase classname="tests.unit.auth.test_signers.TestS3SigV4Auth" name="test_uses_sha256_if_config_value_is_true" time="0.002"></testcase><testcase classname="tests.unit.auth.test_signers.TestS3SigV4Auth" name="test_uses_sha256_if_md5_unset" time="0.003"></testcase><testcase classname="tests.unit.auth.test_signers.TestS3SigV4Auth" name="test_uses_sha256_if_not_https" time="0.002"></testcase><testcase classname="tests.unit.auth.test_signers.TestS3SigV4Auth" name="test_uses_sha256_if_not_streaming_upload" time="0.002"></testcase><testcase classname="tests.unit.auth.test_signers.TestS3SigV4Post" name="test_empty_fields_and_policy" time="0.001"></testcase><testcase classname="tests.unit.auth.test_signers.TestS3SigV4Post" name="test_presign_post" time="0.000"></testcase><testcase classname="tests.unit.auth.test_signers.TestS3SigV4Post" name="test_presign_post_with_security_token" time="0.000"></testcase><testcase classname="tests.unit.auth.test_signers.TestSigV2" name="test_fields" time="0.000"></testcase><testcase classname="tests.unit.auth.test_signers.TestSigV2" name="test_put" time="0.000"></testcase><testcase classname="tests.unit.auth.test_signers.TestSigV2" name="test_resign" time="0.000"></testcase><testcase classname="tests.unit.auth.test_signers.TestSigV3" name="test_resign_with_token" time="0.001"></testcase><testcase classname="tests.unit.auth.test_signers.TestSigV3" name="test_signature_with_date_headers" time="0.001"></testcase><testcase classname="tests.unit.auth.test_signers.TestSigV4" name="test_canonical_query_string" time="0.000"></testcase><testcase classname="tests.unit.auth.test_signers.TestSigV4" name="test_payload_is_binary_file" time="0.000"></testcase><testcase classname="tests.unit.auth.test_signers.TestSigV4" name="test_payload_is_bytes_type" time="0.000"></testcase><testcase classname="tests.unit.auth.test_signers.TestSigV4" name="test_thread_safe_timestamp" time="0.001"></testcase><testcase classname="tests.unit.auth.test_signers.TestSigV4Presign" name="test_operation_params_before_auth_params" time="0.001"></testcase><testcase classname="tests.unit.auth.test_signers.TestSigV4Presign" name="test_operation_params_before_auth_params_in_body" time="0.001"></testcase><testcase classname="tests.unit.auth.test_signers.TestSigV4Presign" name="test_presign_no_params" time="0.001"></testcase><testcase classname="tests.unit.auth.test_signers.TestSigV4Presign" name="test_presign_where_body_is_json_bytes" time="0.001"></testcase><testcase classname="tests.unit.auth.test_signers.TestSigV4Presign" name="test_presign_where_body_is_json_string" time="0.001"></testcase><testcase classname="tests.unit.auth.test_signers.TestSigV4Presign" name="test_presign_with_empty_param_value" time="0.001"></testcase><testcase classname="tests.unit.auth.test_signers.TestSigV4Presign" name="test_presign_with_security_token" time="0.001"></testcase><testcase classname="tests.unit.auth.test_signers.TestSigV4Presign" name="test_presign_with_spaces_in_param" time="0.001"></testcase><testcase classname="tests.unit.auth.test_signers.TestSigV4Presign" name="test_s3_sigv4_presign" time="0.001"></testcase><testcase classname="tests.unit.auth.test_signers.TestSigV4Resign" name="test_resign_request_with_date" time="0.003"></testcase><testcase classname="tests.unit.auth.test_signers.TestSigV4Resign" name="test_sigv4_without_date" time="0.002"></testcase><testcase classname="tests.unit.auth.test_sigv4" name="test_generator('get-relative',)" time="0.008"></testcase><testcase classname="tests.unit.auth.test_sigv4" name="test_generator('get-vanilla-query-unreserved',)" time="0.005"></testcase><testcase classname="tests.unit.auth.test_sigv4" name="test_generator('get-vanilla',)" time="0.004"></testcase><testcase classname="tests.unit.auth.test_sigv4" name="test_generator('post-header-key-case',)" time="0.004"></testcase><testcase classname="tests.unit.auth.test_sigv4" name="test_generator('get-unreserved',)" time="0.005"></testcase><testcase classname="tests.unit.auth.test_sigv4" name="test_generator('get-vanilla-query-order-key',)" time="0.004"></testcase><testcase classname="tests.unit.auth.test_sigv4" name="test_generator('get-space',)" time="0.004"></testcase><testcase classname="tests.unit.auth.test_sigv4" name="test_generator('get-utf8',)" time="0.004"></testcase><testcase classname="tests.unit.auth.test_sigv4" name="test_generator('get-vanilla-query',)" time="0.004"></testcase><testcase classname="tests.unit.auth.test_sigv4" name="test_generator('post-header-value-case',)" time="0.004"></testcase><testcase classname="tests.unit.auth.test_sigv4" name="test_generator('get-vanilla-ut8-query',)" time="0.004"></testcase><testcase classname="tests.unit.auth.test_sigv4" name="test_generator('get-slash-dot-slash',)" time="0.004"></testcase><testcase classname="tests.unit.auth.test_sigv4" name="test_generator('post-vanilla-query',)" time="0.004"></testcase><testcase classname="tests.unit.auth.test_sigv4" name="test_generator('get-header-value-trim',)" time="0.004"></testcase><testcase classname="tests.unit.auth.test_sigv4" name="test_generator('get-slash',)" time="0.004"></testcase><testcase classname="tests.unit.auth.test_sigv4" name="test_generator('post-header-key-sort',)" time="0.005"></testcase><testcase classname="tests.unit.auth.test_sigv4" name="test_generator('post-x-www-form-urlencoded',)" time="0.005"></testcase><testcase classname="tests.unit.auth.test_sigv4" name="test_generator('post-x-www-form-urlencoded-parameters',)" time="0.005"></testcase><testcase classname="tests.unit.auth.test_sigv4" name="test_generator('post-vanilla-empty-query-value',)" time="0.004"></testcase><testcase classname="tests.unit.auth.test_sigv4" name="test_generator('get-relative-relative',)" time="0.004"></testcase><testcase classname="tests.unit.auth.test_sigv4" name="test_generator('get-vanilla-empty-query-key',)" time="0.004"></testcase><testcase classname="tests.unit.auth.test_sigv4" name="test_generator('post-vanilla',)" time="0.004"></testcase><testcase classname="tests.unit.auth.test_sigv4" name="test_generator('get-slash-pointless-dot',)" time="0.004"></testcase><testcase classname="tests.unit.auth.test_sigv4" name="test_generator('get-slashes',)" time="0.004"></testcase><testcase classname="tests.unit.docs.bcdoc.test_docstringparser.TestDataNode" name="test_lstrip" time="0.000"></testcase><testcase classname="tests.unit.docs.bcdoc.test_docstringparser.TestDataNode" name="test_non_string_data_raises_error" time="0.000"></testcase><testcase classname="tests.unit.docs.bcdoc.test_docstringparser.TestDataNode" name="test_string_data" time="0.000"></testcase><testcase classname="tests.unit.docs.bcdoc.test_docstringparser.TestDataNode" name="test_write" time="0.000"></testcase><testcase classname="tests.unit.docs.bcdoc.test_docstringparser.TestDataNode" name="test_write_empty_string" time="0.000"></testcase><testcase classname="tests.unit.docs.bcdoc.test_docstringparser.TestDataNode" name="test_write_space" time="0.000"></testcase><testcase classname="tests.unit.docs.bcdoc.test_docstringparser.TestDocStringParser" name="test_nested_lists" time="0.000"></testcase><testcase classname="tests.unit.docs.bcdoc.test_docstringparser.TestDocStringParser" name="test_nested_lists_with_extra_white_space" time="0.000"></testcase><testcase classname="tests.unit.docs.bcdoc.test_docstringparser.TestHTMLTree" name="test_add_data" time="0.000"></testcase><testcase classname="tests.unit.docs.bcdoc.test_docstringparser.TestHTMLTree" name="test_add_tag" time="0.000"></testcase><testcase classname="tests.unit.docs.bcdoc.test_docstringparser.TestHTMLTree" name="test_add_unsupported_tag" time="0.000"></testcase><testcase classname="tests.unit.docs.bcdoc.test_docstringparser.TestLineItemNode" name="test_write_only_strips_until_text_is_found" time="0.001"></testcase><testcase classname="tests.unit.docs.bcdoc.test_docstringparser.TestLineItemNode" name="test_write_strips_nested_white_space" time="0.001"></testcase><testcase classname="tests.unit.docs.bcdoc.test_docstringparser.TestLineItemNode" name="test_write_strips_white_space" time="0.001"></testcase><testcase classname="tests.unit.docs.bcdoc.test_docstringparser.TestStemNode" name="test_add_child" time="0.000"></testcase><testcase classname="tests.unit.docs.bcdoc.test_docstringparser.TestStemNode" name="test_write" time="0.000"></testcase><testcase classname="tests.unit.docs.bcdoc.test_docstringparser.TestTagNode" name="test_write_calls_style" time="0.000"></testcase><testcase classname="tests.unit.docs.bcdoc.test_docstringparser.TestTagNode" name="test_write_unsupported_tag" time="0.000"></testcase><testcase classname="tests.unit.docs.bcdoc.test_document.TestDocumentStructure" name="test_add_new_section" time="0.000"></testcase><testcase classname="tests.unit.docs.bcdoc.test_document.TestDocumentStructure" name="test_available_sections" time="0.000"></testcase><testcase classname="tests.unit.docs.bcdoc.test_document.TestDocumentStructure" name="test_clear_text" time="0.000"></testcase><testcase classname="tests.unit.docs.bcdoc.test_document.TestDocumentStructure" name="test_context" time="0.000"></testcase><testcase classname="tests.unit.docs.bcdoc.test_document.TestDocumentStructure" name="test_create_sections_at_instantiation" time="0.000"></testcase><testcase classname="tests.unit.docs.bcdoc.test_document.TestDocumentStructure" name="test_delete_section" time="0.000"></testcase><testcase classname="tests.unit.docs.bcdoc.test_document.TestDocumentStructure" name="test_flush_structure" time="0.000"></testcase><testcase classname="tests.unit.docs.bcdoc.test_document.TestDocumentStructure" name="test_flush_structure_hrefs" time="0.000"></testcase><testcase classname="tests.unit.docs.bcdoc.test_document.TestDocumentStructure" name="test_name" time="0.000"></testcase><testcase classname="tests.unit.docs.bcdoc.test_document.TestDocumentStructure" name="test_path" time="0.000"></testcase><testcase classname="tests.unit.docs.bcdoc.test_document.TestDocumentStructure" name="test_remove_all_sections" time="0.000"></testcase><testcase classname="tests.unit.docs.bcdoc.test_document.TestReSTDocument" name="test_include_doc_string" time="0.000"></testcase><testcase classname="tests.unit.docs.bcdoc.test_document.TestReSTDocument" name="test_remove_doc_string" time="0.000"></testcase><testcase classname="tests.unit.docs.bcdoc.test_document.TestReSTDocument" name="test_write" time="0.000"></testcase><testcase classname="tests.unit.docs.bcdoc.test_document.TestReSTDocument" name="test_writeln" time="0.000"></testcase><testcase classname="tests.unit.docs.bcdoc.test_style.TestStyle" name="test_bold" time="0.000"></testcase><testcase classname="tests.unit.docs.bcdoc.test_style.TestStyle" name="test_code" time="0.000"></testcase><testcase classname="tests.unit.docs.bcdoc.test_style.TestStyle" name="test_codeblock" time="0.000"></testcase><testcase classname="tests.unit.docs.bcdoc.test_style.TestStyle" name="test_escape_href_link" time="0.000"></testcase><testcase classname="tests.unit.docs.bcdoc.test_style.TestStyle" name="test_examples" time="0.000"></testcase><testcase classname="tests.unit.docs.bcdoc.test_style.TestStyle" name="test_external_link" time="0.000"></testcase><testcase classname="tests.unit.docs.bcdoc.test_style.TestStyle" name="test_external_link_in_man_page" time="0.000"></testcase><testcase classname="tests.unit.docs.bcdoc.test_style.TestStyle" name="test_h1" time="0.000"></testcase><testcase classname="tests.unit.docs.bcdoc.test_style.TestStyle" name="test_h2" time="0.000"></testcase><testcase classname="tests.unit.docs.bcdoc.test_style.TestStyle" name="test_h3" time="0.000"></testcase><testcase classname="tests.unit.docs.bcdoc.test_style.TestStyle" name="test_handle_no_text_hrefs" time="0.000"></testcase><testcase classname="tests.unit.docs.bcdoc.test_style.TestStyle" name="test_hidden_toctree_html" time="0.000"></testcase><testcase classname="tests.unit.docs.bcdoc.test_style.TestStyle" name="test_hidden_toctree_non_html" time="0.000"></testcase><testcase classname="tests.unit.docs.bcdoc.test_style.TestStyle" name="test_italics" time="0.000"></testcase><testcase classname="tests.unit.docs.bcdoc.test_style.TestStyle" name="test_list" time="0.000"></testcase><testcase classname="tests.unit.docs.bcdoc.test_style.TestStyle" name="test_new_line" time="0.000"></testcase><testcase classname="tests.unit.docs.bcdoc.test_style.TestStyle" name="test_non_top_level_lists_are_indented" time="0.000"></testcase><testcase classname="tests.unit.docs.bcdoc.test_style.TestStyle" name="test_p" time="0.000"></testcase><testcase classname="tests.unit.docs.bcdoc.test_style.TestStyle" name="test_ref" time="0.000"></testcase><testcase classname="tests.unit.docs.bcdoc.test_style.TestStyle" name="test_spaces" time="0.000"></testcase><testcase classname="tests.unit.docs.bcdoc.test_style.TestStyle" name="test_sphinx_py_attr" time="0.000"></testcase><testcase classname="tests.unit.docs.bcdoc.test_style.TestStyle" name="test_sphinx_py_class" time="0.000"></testcase><testcase classname="tests.unit.docs.bcdoc.test_style.TestStyle" name="test_sphinx_py_method" time="0.000"></testcase><testcase classname="tests.unit.docs.bcdoc.test_style.TestStyle" name="test_sphinx_py_method_with_params" time="0.000"></testcase><testcase classname="tests.unit.docs.bcdoc.test_style.TestStyle" name="test_sphinx_reference_label_html" time="0.000"></testcase><testcase classname="tests.unit.docs.bcdoc.test_style.TestStyle" name="test_sphinx_reference_label_html_no_text" time="0.000"></testcase><testcase classname="tests.unit.docs.bcdoc.test_style.TestStyle" name="test_sphinx_reference_label_non_html" time="0.000"></testcase><testcase classname="tests.unit.docs.bcdoc.test_style.TestStyle" name="test_sphinx_reference_label_non_html_no_text" time="0.000"></testcase><testcase classname="tests.unit.docs.bcdoc.test_style.TestStyle" name="test_table_of_contents" time="0.000"></testcase><testcase classname="tests.unit.docs.bcdoc.test_style.TestStyle" name="test_table_of_contents_with_title" time="0.000"></testcase><testcase classname="tests.unit.docs.bcdoc.test_style.TestStyle" name="test_table_of_contents_with_title_and_depth" time="0.000"></testcase><testcase classname="tests.unit.docs.bcdoc.test_style.TestStyle" name="test_toctree_html" time="0.000"></testcase><testcase classname="tests.unit.docs.bcdoc.test_style.TestStyle" name="test_toctree_man" time="0.000"></testcase><testcase classname="tests.unit.docs.bcdoc.test_style.TestStyle" name="test_write_py_doc_string" time="0.000"></testcase><testcase classname="tests.unit.docs.test_client.TestClientDocumenter" name="test_document_client" time="0.022"></testcase><testcase classname="tests.unit.docs.test_docs.TestGenerateDocs" name="test_generate_docs" time="0.024"></testcase><testcase classname="tests.unit.docs.test_docstring.TestClientMethodDocstring" name="test_use_correct_docstring_writer" time="0.001"></testcase><testcase classname="tests.unit.docs.test_docstring.TestLazyLoadedDocstring" name="test_args_kwargs_passed" time="0.000"></testcase><testcase classname="tests.unit.docs.test_docstring.TestLazyLoadedDocstring" name="test_expandtabs" time="0.000"></testcase><testcase classname="tests.unit.docs.test_docstring.TestLazyLoadedDocstring" name="test_is_lazy_loaded" time="0.000"></testcase><testcase classname="tests.unit.docs.test_docstring.TestLazyLoadedDocstring" name="test_raises_not_implemented" time="0.000"></testcase><testcase classname="tests.unit.docs.test_docstring.TestLazyLoadedDocstring" name="test_repr" time="0.000"></testcase><testcase classname="tests.unit.docs.test_docstring.TestLazyLoadedDocstring" name="test_str" time="0.000"></testcase><testcase classname="tests.unit.docs.test_docstring.TestPaginatorDocstring" name="test_use_correct_docstring_writer" time="0.001"></testcase><testcase classname="tests.unit.docs.test_docstring.TestWaiterDocstring" name="test_use_correct_docstring_writer" time="0.001"></testcase><testcase classname="tests.unit.docs.test_example.TestDocumentDefaultValue" name="test_request_example" time="0.008"></testcase><testcase classname="tests.unit.docs.test_example.TestDocumentDefaultValue" name="test_response_example" time="0.007"></testcase><testcase classname="tests.unit.docs.test_example.TestDocumentEnumValue" name="test_request_example" time="0.006"></testcase><testcase classname="tests.unit.docs.test_example.TestDocumentEnumValue" name="test_response_example" time="0.007"></testcase><testcase classname="tests.unit.docs.test_example.TestDocumentExclude" name="test_request_example" time="0.006"></testcase><testcase classname="tests.unit.docs.test_example.TestDocumentExclude" name="test_response_example" time="0.007"></testcase><testcase classname="tests.unit.docs.test_example.TestDocumentInclude" name="test_request_example" time="0.007"></testcase><testcase classname="tests.unit.docs.test_example.TestDocumentInclude" name="test_response_example" time="0.008"></testcase><testcase classname="tests.unit.docs.test_example.TestDocumentList" name="test_request_example" time="0.007"></testcase><testcase classname="tests.unit.docs.test_example.TestDocumentList" name="test_response_example" time="0.008"></testcase><testcase classname="tests.unit.docs.test_example.TestDocumentMap" name="test_request_example" time="0.008"></testcase><testcase classname="tests.unit.docs.test_example.TestDocumentMap" name="test_response_example" time="0.007"></testcase><testcase classname="tests.unit.docs.test_example.TestDocumentMultipleDefaultValues" name="test_request_example" time="0.007"></testcase><testcase classname="tests.unit.docs.test_example.TestDocumentMultipleDefaultValues" name="test_response_example" time="0.007"></testcase><testcase classname="tests.unit.docs.test_example.TestDocumentNoMembers" name="test_request_example" time="0.007"></testcase><testcase classname="tests.unit.docs.test_example.TestDocumentNoMembers" name="test_response_example" time="0.006"></testcase><testcase classname="tests.unit.docs.test_example.TestDocumentRecursiveShape" name="test_request_example" time="0.007"></testcase><testcase classname="tests.unit.docs.test_example.TestDocumentRecursiveShape" name="test_response_example" time="0.007"></testcase><testcase classname="tests.unit.docs.test_example.TestDocumentStructure" name="test_request_example" time="0.008"></testcase><testcase classname="tests.unit.docs.test_example.TestDocumentStructure" name="test_response_example" time="0.006"></testcase><testcase classname="tests.unit.docs.test_example.TestTraverseAndDocumentShape" name="test_events_emitted_request_example" time="0.007"></testcase><testcase classname="tests.unit.docs.test_example.TestTraverseAndDocumentShape" name="test_events_emitted_response_example" time="0.007"><system-out><![CDATA[member-value
]]></system-out></testcase><testcase classname="tests.unit.docs.test_method.TestDocumentCustomMethod" name="test_document_custom_signature" time="0.006"></testcase><testcase classname="tests.unit.docs.test_method.TestDocumentCustomSignature" name="test_document_signature" time="0.006"></testcase><testcase classname="tests.unit.docs.test_method.TestDocumentModelDrivenMethod" name="test_default" time="0.011"></testcase><testcase classname="tests.unit.docs.test_method.TestDocumentModelDrivenMethod" name="test_exclude_input" time="0.009"></testcase><testcase classname="tests.unit.docs.test_method.TestDocumentModelDrivenMethod" name="test_exclude_output" time="0.011"></testcase><testcase classname="tests.unit.docs.test_method.TestDocumentModelDrivenMethod" name="test_include_input" time="0.010"></testcase><testcase classname="tests.unit.docs.test_method.TestDocumentModelDrivenMethod" name="test_include_output" time="0.009"></testcase><testcase classname="tests.unit.docs.test_method.TestDocumentModelDrivenMethod" name="test_no_input_output_shape" time="0.007"></testcase><testcase classname="tests.unit.docs.test_method.TestDocumentModelDrivenMethod" name="test_streaming_body_in_input" time="0.008"></testcase><testcase classname="tests.unit.docs.test_method.TestDocumentModelDrivenMethod" name="test_streaming_body_in_output" time="0.011"></testcase><testcase classname="tests.unit.docs.test_method.TestDocumentModelDrivenSignature" name="test_document_signature" time="0.006"></testcase><testcase classname="tests.unit.docs.test_method.TestDocumentModelDrivenSignature" name="test_document_signature_exclude_all_kwargs" time="0.007"></testcase><testcase classname="tests.unit.docs.test_method.TestDocumentModelDrivenSignature" name="test_document_signature_exclude_and_include" time="0.007"></testcase><testcase classname="tests.unit.docs.test_method.TestGetInstanceMethods" name="test_get_instance_methods" time="0.000"></testcase><testcase classname="tests.unit.docs.test_paginator.TestPaginatorDocumenter" name="test_document_paginators" time="0.016"></testcase><testcase classname="tests.unit.docs.test_params.TestDocumentDefaultValue" name="test_request_params" time="0.006"></testcase><testcase classname="tests.unit.docs.test_params.TestDocumentDefaultValue" name="test_response_params" time="0.007"></testcase><testcase classname="tests.unit.docs.test_params.TestDocumentExclude" name="test_request_params" time="0.008"></testcase><testcase classname="tests.unit.docs.test_params.TestDocumentExclude" name="test_response_params" time="0.007"></testcase><testcase classname="tests.unit.docs.test_params.TestDocumentInclude" name="test_request_params" time="0.007"></testcase><testcase classname="tests.unit.docs.test_params.TestDocumentInclude" name="test_response_params" time="0.007"></testcase><testcase classname="tests.unit.docs.test_params.TestDocumentList" name="test_request_params" time="0.007"></testcase><testcase classname="tests.unit.docs.test_params.TestDocumentList" name="test_response_params" time="0.007"></testcase><testcase classname="tests.unit.docs.test_params.TestDocumentMap" name="test_request_params" time="0.008"></testcase><testcase classname="tests.unit.docs.test_params.TestDocumentMap" name="test_response_params" time="0.007"></testcase><testcase classname="tests.unit.docs.test_params.TestDocumentMultipleDefaultValues" name="test_request_params" time="0.009"></testcase><testcase classname="tests.unit.docs.test_params.TestDocumentMultipleDefaultValues" name="test_response_params" time="0.007"></testcase><testcase classname="tests.unit.docs.test_params.TestDocumentRecursiveShape" name="test_request_params" time="0.007"></testcase><testcase classname="tests.unit.docs.test_params.TestDocumentRecursiveShape" name="test_response_params" time="0.007"></testcase><testcase classname="tests.unit.docs.test_params.TestDocumentStructure" name="test_request_params" time="0.009"></testcase><testcase classname="tests.unit.docs.test_params.TestDocumentStructure" name="test_response_params" time="0.007"></testcase><testcase classname="tests.unit.docs.test_params.TestTraverseAndDocumentShape" name="test_events_emitted_request_params" time="0.007"></testcase><testcase classname="tests.unit.docs.test_params.TestTraverseAndDocumentShape" name="test_events_emitted_response_params" time="0.007"></testcase><testcase classname="tests.unit.docs.test_service.TestServiceDocumenter" name="test_document_service" time="0.029"></testcase><testcase classname="tests.unit.docs.test_service.TestServiceDocumenter" name="test_document_service_no_paginator" time="0.054"></testcase><testcase classname="tests.unit.docs.test_service.TestServiceDocumenter" name="test_document_service_no_waiter" time="0.026"></testcase><testcase classname="tests.unit.docs.test_sharedexample.TestDocumentSharedExamples" name="test_default" time="0.007"></testcase><testcase classname="tests.unit.docs.test_sharedexample.TestSharedExampleDocumenter" name="test_add_comment" time="0.009"></testcase><testcase classname="tests.unit.docs.test_sharedexample.TestSharedExampleDocumenter" name="test_can_handle_no_input_key" time="0.007"></testcase><testcase classname="tests.unit.docs.test_sharedexample.TestSharedExampleDocumenter" name="test_dict_example" time="0.007"></testcase><testcase classname="tests.unit.docs.test_sharedexample.TestSharedExampleDocumenter" name="test_is_input" time="0.008"></testcase><testcase classname="tests.unit.docs.test_sharedexample.TestSharedExampleDocumenter" name="test_list_example" time="0.007"></testcase><testcase classname="tests.unit.docs.test_sharedexample.TestSharedExampleDocumenter" name="test_map_example" time="0.008"></testcase><testcase classname="tests.unit.docs.test_sharedexample.TestSharedExampleDocumenter" name="test_timestamp_example" time="0.008"></testcase><testcase classname="tests.unit.docs.test_sharedexample.TestSharedExampleDocumenter" name="test_unicode_exammple" time="0.009"></testcase><testcase classname="tests.unit.docs.test_sharedexample.TestSharedExampleDocumenter" name="test_unicode_string_example" time="0.007"></testcase><testcase classname="tests.unit.docs.test_utils.TestAppendParamDocumentation" name="test_appends_documentation" time="0.007"></testcase><testcase classname="tests.unit.docs.test_utils.TestAutopopulatedParam" name="test_non_default_param_description" time="0.006"></testcase><testcase classname="tests.unit.docs.test_utils.TestAutopopulatedParam" name="test_param_not_in_section_request_example" time="0.006"></testcase><testcase classname="tests.unit.docs.test_utils.TestAutopopulatedParam" name="test_param_not_in_section_request_param" time="0.007"></testcase><testcase classname="tests.unit.docs.test_utils.TestAutopopulatedParam" name="test_request_example" time="0.007"></testcase><testcase classname="tests.unit.docs.test_utils.TestAutopopulatedParam" name="test_request_param_not_required" time="0.008"></testcase><testcase classname="tests.unit.docs.test_utils.TestAutopopulatedParam" name="test_request_param_required" time="0.006"></testcase><testcase classname="tests.unit.docs.test_utils.TestGetOfficialServiceName" name="test_amazon_short_name" time="0.008"></testcase><testcase classname="tests.unit.docs.test_utils.TestGetOfficialServiceName" name="test_aws_short_name" time="0.007"></testcase><testcase classname="tests.unit.docs.test_utils.TestGetOfficialServiceName" name="test_no_short_name" time="0.006"></testcase><testcase classname="tests.unit.docs.test_utils.TestGetOfficialServiceName" name="test_short_name_in_official_name" time="0.007"></testcase><testcase classname="tests.unit.docs.test_utils.TestHideParamFromOperations" name="test_hides_param_from_example" time="0.007"></testcase><testcase classname="tests.unit.docs.test_utils.TestHideParamFromOperations" name="test_hides_params_from_doc_string" time="0.007"></testcase><testcase classname="tests.unit.docs.test_utils.TestPythonDefault" name="test_blob" time="0.000"></testcase><testcase classname="tests.unit.docs.test_utils.TestPythonDefault" name="test_double" time="0.000"></testcase><testcase classname="tests.unit.docs.test_utils.TestPythonDefault" name="test_integer" time="0.000"></testcase><testcase classname="tests.unit.docs.test_utils.TestPythonDefault" name="test_list" time="0.000"></testcase><testcase classname="tests.unit.docs.test_utils.TestPythonDefault" name="test_long" time="0.000"></testcase><testcase classname="tests.unit.docs.test_utils.TestPythonDefault" name="test_map" time="0.000"></testcase><testcase classname="tests.unit.docs.test_utils.TestPythonDefault" name="test_string" time="0.000"></testcase><testcase classname="tests.unit.docs.test_utils.TestPythonDefault" name="test_structure" time="0.000"></testcase><testcase classname="tests.unit.docs.test_utils.TestPythonDefault" name="test_timestamp" time="0.000"></testcase><testcase classname="tests.unit.docs.test_utils.TestPythonTypeName" name="test_blob" time="0.000"></testcase><testcase classname="tests.unit.docs.test_utils.TestPythonTypeName" name="test_character" time="0.000"></testcase><testcase classname="tests.unit.docs.test_utils.TestPythonTypeName" name="test_double" time="0.000"></testcase><testcase classname="tests.unit.docs.test_utils.TestPythonTypeName" name="test_float" time="0.000"></testcase><testcase classname="tests.unit.docs.test_utils.TestPythonTypeName" name="test_integer" time="0.000"></testcase><testcase classname="tests.unit.docs.test_utils.TestPythonTypeName" name="test_list" time="0.000"></testcase><testcase classname="tests.unit.docs.test_utils.TestPythonTypeName" name="test_long" time="0.000"></testcase><testcase classname="tests.unit.docs.test_utils.TestPythonTypeName" name="test_map" time="0.000"></testcase><testcase classname="tests.unit.docs.test_utils.TestPythonTypeName" name="test_string" time="0.000"></testcase><testcase classname="tests.unit.docs.test_utils.TestPythonTypeName" name="test_structure" time="0.000"></testcase><testcase classname="tests.unit.docs.test_utils.TestPythonTypeName" name="test_timestamp" time="0.000"></testcase><testcase classname="tests.unit.docs.test_waiter.TestWaiterDocumenter" name="test_document_waiters" time="0.013"></testcase><testcase classname="tests.unit.test_args.TestCreateClientArgs" name="test_client_s3_accelerate_client_config_overrides_scoped" time="0.000"></testcase><testcase classname="tests.unit.test_args.TestCreateClientArgs" name="test_client_s3_accelerate_from_client_config" time="0.000"></testcase><testcase classname="tests.unit.test_args.TestCreateClientArgs" name="test_client_s3_accelerate_from_varying_forms_of_true" time="0.000"></testcase><testcase classname="tests.unit.test_args.TestCreateClientArgs" name="test_client_s3_dualstack_handles_varying_forms_of_true" time="0.000"></testcase><testcase classname="tests.unit.test_args.TestCreateClientArgs" name="test_compute_s3_config_only_scoped_config" time="0.000"></testcase><testcase classname="tests.unit.test_args.TestCreateClientArgs" name="test_compute_s3_configuration" time="0.000"></testcase><testcase classname="tests.unit.test_awsrequest.TestAWSHTTPConnection" name="test_encodes_unicode_method_line" time="0.000"></testcase><testcase classname="tests.unit.test_awsrequest.TestAWSHTTPConnection" name="test_expect_100_continue_no_response_from_server" time="0.001"></testcase><testcase classname="tests.unit.test_awsrequest.TestAWSHTTPConnection" name="test_expect_100_continue_returned" time="0.001"></testcase><testcase classname="tests.unit.test_awsrequest.TestAWSHTTPConnection" name="test_expect_100_continue_sends_307" time="0.001"></testcase><testcase classname="tests.unit.test_awsrequest.TestAWSHTTPConnection" name="test_expect_100_sends_connection_header" time="0.001"></testcase><testcase classname="tests.unit.test_awsrequest.TestAWSHTTPConnection" name="test_handles_expect_100_with_different_reason_phrase" time="0.001"></testcase><testcase classname="tests.unit.test_awsrequest.TestAWSHTTPConnection" name="test_message_body_is_file_like_object" time="0.000"></testcase><testcase classname="tests.unit.test_awsrequest.TestAWSHTTPConnection" name="test_no_expect_header_set" time="0.000"></testcase><testcase classname="tests.unit.test_awsrequest.TestAWSHTTPConnection" name="test_state_reset_on_connection_close" time="0.001"></testcase><testcase classname="tests.unit.test_awsrequest.TestAWSHTTPConnection" name="test_tunnel_raises_socket_error" time="0.000"></testcase><testcase classname="tests.unit.test_awsrequest.TestAWSHTTPConnection" name="test_tunnel_readline_none_bugfix" time="0.001"></testcase><testcase classname="tests.unit.test_awsrequest.TestAWSHTTPConnection" name="test_tunnel_readline_normal" time="0.001"></testcase><testcase classname="tests.unit.test_awsrequest.TestAWSHTTPConnection" name="test_tunnel_uses_std_lib" time="0.001"></testcase><testcase classname="tests.unit.test_awsrequest.TestAWSPreparedRequest" name="test_prepare_body_content_adds_content_length" time="0.001"></testcase><testcase classname="tests.unit.test_awsrequest.TestAWSPreparedRequest" name="test_prepare_body_ignores_existing_transfer_encoding" time="0.001"></testcase><testcase classname="tests.unit.test_awsrequest.TestAWSPreparedRequest" name="test_prepare_body_removes_transfer_encoding" time="0.001"></testcase><testcase classname="tests.unit.test_awsrequest.TestAWSRequest" name="test_cannot_reset_stream_raises_error" time="0.006"></testcase><testcase classname="tests.unit.test_awsrequest.TestAWSRequest" name="test_duck_type_for_file_check" time="0.001"></testcase><testcase classname="tests.unit.test_awsrequest.TestAWSRequest" name="test_should_reset_stream" time="0.001"></testcase><testcase classname="tests.unit.test_awsrequest.TestCreateRequestObject" name="test_create_request_object" time="0.000"></testcase><testcase classname="tests.unit.test_awsrequest.TestPrepareRequestDict" name="test_custom_endpoint_with_query_string" time="0.000"></testcase><testcase classname="tests.unit.test_awsrequest.TestPrepareRequestDict" name="test_prepare_request_dict_for_get" time="0.000"></testcase><testcase classname="tests.unit.test_awsrequest.TestPrepareRequestDict" name="test_prepare_request_dict_for_get_no_user_agent" time="0.000"></testcase><testcase classname="tests.unit.test_awsrequest.TestPrepareRequestDict" name="test_prepare_request_dict_with_context" time="0.000"></testcase><testcase classname="tests.unit.test_awsrequest.TestPrepareRequestDict" name="test_query_string_serialized_to_url" time="0.000"></testcase><testcase classname="tests.unit.test_awsrequest.TestPrepareRequestDict" name="test_url_path_combined_with_endpoint_url" time="0.000"></testcase><testcase classname="tests.unit.test_awsrequest.TestPrepareRequestDict" name="test_url_path_is_slash" time="0.000"></testcase><testcase classname="tests.unit.test_awsrequest.TestPrepareRequestDict" name="test_url_path_is_slash_with_endpoint_url_no_slash" time="0.000"></testcase><testcase classname="tests.unit.test_awsrequest.TestPrepareRequestDict" name="test_url_path_with_trailing_slash" time="0.000"></testcase><testcase classname="tests.unit.test_client.TestAutoGeneratedClient" name="test_anonymous_client_request" time="0.002"></testcase><testcase classname="tests.unit.test_client.TestAutoGeneratedClient" name="test_api_version_is_passed_to_loader_if_provided" time="0.003"></testcase><testcase classname="tests.unit.test_client.TestAutoGeneratedClient" name="test_before_call_short_circuits_request" time="0.004"></testcase><testcase classname="tests.unit.test_client.TestAutoGeneratedClient" name="test_can_disable_param_validation_from_scoped_config" time="0.003"></testcase><testcase classname="tests.unit.test_client.TestAutoGeneratedClient" name="test_can_set_credentials_in_client_init" time="0.002"></testcase><testcase classname="tests.unit.test_client.TestAutoGeneratedClient" name="test_client_can_use_guessed_endpoints" time="0.002"></testcase><testcase classname="tests.unit.test_client.TestAutoGeneratedClient" name="test_client_config_trumps_scoped_config" time="0.002"></testcase><testcase classname="tests.unit.test_client.TestAutoGeneratedClient" name="test_client_create_unicode" time="0.002"></testcase><testcase classname="tests.unit.test_client.TestAutoGeneratedClient" name="test_client_created_emits_events" time="0.002"></testcase><testcase classname="tests.unit.test_client.TestAutoGeneratedClient" name="test_client_custom_user_agent_extra_in_request" time="0.003"></testcase><testcase classname="tests.unit.test_client.TestAutoGeneratedClient" name="test_client_custom_user_agent_in_request" time="0.002"></testcase><testcase classname="tests.unit.test_client.TestAutoGeneratedClient" name="test_client_default_for_s3_addressing_style" time="0.002"></testcase><testcase classname="tests.unit.test_client.TestAutoGeneratedClient" name="test_client_doesnt_validate_params_when_validation_disabled" time="0.003"></testcase><testcase classname="tests.unit.test_client.TestAutoGeneratedClient" name="test_client_error_message_for_positional_args" time="0.002"></testcase><testcase classname="tests.unit.test_client.TestAutoGeneratedClient" name="test_client_generated_from_model" time="0.002"></testcase><testcase classname="tests.unit.test_client.TestAutoGeneratedClient" name="test_client_has_endpoint_url_on_meta" time="0.002"></testcase><testcase classname="tests.unit.test_client.TestAutoGeneratedClient" name="test_client_has_exceptions_attribute" time="0.002"></testcase><testcase classname="tests.unit.test_client.TestAutoGeneratedClient" name="test_client_has_modeled_exceptions" time="0.002"></testcase><testcase classname="tests.unit.test_client.TestAutoGeneratedClient" name="test_client_has_non_standard_partition_on_meta" time="0.002"></testcase><testcase classname="tests.unit.test_client.TestAutoGeneratedClient" name="test_client_has_region_name_on_meta" time="0.002"></testcase><testcase classname="tests.unit.test_client.TestAutoGeneratedClient" name="test_client_has_standard_partition_on_meta" time="0.002"></testcase><testcase classname="tests.unit.test_client.TestAutoGeneratedClient" name="test_client_makes_call" time="0.002"></testcase><testcase classname="tests.unit.test_client.TestAutoGeneratedClient" name="test_client_method_called_event" time="0.003"></testcase><testcase classname="tests.unit.test_client.TestAutoGeneratedClient" name="test_client_method_docstring" time="0.006"></testcase><testcase classname="tests.unit.test_client.TestAutoGeneratedClient" name="test_client_method_help" time="0.007"></testcase><testcase classname="tests.unit.test_client.TestAutoGeneratedClient" name="test_client_method_to_api_mapping" time="0.002"></testcase><testcase classname="tests.unit.test_client.TestAutoGeneratedClient" name="test_client_name" time="0.002"></testcase><testcase classname="tests.unit.test_client.TestAutoGeneratedClient" name="test_client_name_using_abreviation" time="0.002"></testcase><testcase classname="tests.unit.test_client.TestAutoGeneratedClient" name="test_client_name_with_amazon" time="0.002"></testcase><testcase classname="tests.unit.test_client.TestAutoGeneratedClient" name="test_client_name_with_no_full_name_or_abbreviation" time="0.002"></testcase><testcase classname="tests.unit.test_client.TestAutoGeneratedClient" name="test_client_name_with_non_alphabet_characters" time="0.002"></testcase><testcase classname="tests.unit.test_client.TestAutoGeneratedClient" name="test_client_payload_signing_client_config_overrides_scoped" time="0.002"></testcase><testcase classname="tests.unit.test_client.TestAutoGeneratedClient" name="test_client_payload_signing_from_client_config" time="0.002"></testcase><testcase classname="tests.unit.test_client.TestAutoGeneratedClient" name="test_client_payload_signing_from_scoped_config" time="0.004"></testcase><testcase classname="tests.unit.test_client.TestAutoGeneratedClient" name="test_client_payload_signing_from_varying_forms_of_true" time="0.003"></testcase><testcase classname="tests.unit.test_client.TestAutoGeneratedClient" name="test_client_register_seperate_unique_id_event" time="0.003"></testcase><testcase classname="tests.unit.test_client.TestAutoGeneratedClient" name="test_client_registers_request_created_handler" time="0.002"></testcase><testcase classname="tests.unit.test_client.TestAutoGeneratedClient" name="test_client_s3_accelerate_client_config_overrides_scoped" time="0.002"></testcase><testcase classname="tests.unit.test_client.TestAutoGeneratedClient" name="test_client_s3_accelerate_from_client_config" time="0.002"></testcase><testcase classname="tests.unit.test_client.TestAutoGeneratedClient" name="test_client_s3_accelerate_from_scoped_config" time="0.002"></testcase><testcase classname="tests.unit.test_client.TestAutoGeneratedClient" name="test_client_s3_accelerate_from_varying_forms_of_true" time="0.003"></testcase><testcase classname="tests.unit.test_client.TestAutoGeneratedClient" name="test_client_s3_addressing_style_auto_registers_correctly" time="0.003"></testcase><testcase classname="tests.unit.test_client.TestAutoGeneratedClient" name="test_client_s3_addressing_style_config_overrides_scoped_config" time="0.002"></testcase><testcase classname="tests.unit.test_client.TestAutoGeneratedClient" name="test_client_s3_addressing_style_default_registers_correctly" time="0.002"></testcase><testcase classname="tests.unit.test_client.TestAutoGeneratedClient" name="test_client_s3_addressing_style_path_registers_correctly" time="0.003"></testcase><testcase classname="tests.unit.test_client.TestAutoGeneratedClient" name="test_client_s3_addressing_style_virtual_registers_correctly" time="0.002"></testcase><testcase classname="tests.unit.test_client.TestAutoGeneratedClient" name="test_client_s3_addressing_style_with_bad_value" time="0.002"></testcase><testcase classname="tests.unit.test_client.TestAutoGeneratedClient" name="test_client_s3_addressing_style_with_config" time="0.002"></testcase><testcase classname="tests.unit.test_client.TestAutoGeneratedClient" name="test_client_s3_addressing_style_with_incorrect_style" time="0.001"></testcase><testcase classname="tests.unit.test_client.TestAutoGeneratedClient" name="test_client_s3_addressing_style_with_scoped_config" time="0.002"></testcase><testcase classname="tests.unit.test_client.TestAutoGeneratedClient" name="test_client_signature_no_override" time="0.003"></testcase><testcase classname="tests.unit.test_client.TestAutoGeneratedClient" name="test_client_signature_override_arg" time="0.003"></testcase><testcase classname="tests.unit.test_client.TestAutoGeneratedClient" name="test_client_signature_override_config_file" time="0.003"></testcase><testcase classname="tests.unit.test_client.TestAutoGeneratedClient" name="test_client_signs_call" time="0.004"></testcase><testcase classname="tests.unit.test_client.TestAutoGeneratedClient" name="test_client_user_agent_in_request" time="0.002"></testcase><testcase classname="tests.unit.test_client.TestAutoGeneratedClient" name="test_client_uses_given_region_name_and_endpoint_url_when_present" time="0.003"></testcase><testcase classname="tests.unit.test_client.TestAutoGeneratedClient" name="test_client_uses_signing_name_even_with_no_resolve" time="0.003"></testcase><testcase classname="tests.unit.test_client.TestAutoGeneratedClient" name="test_client_uses_signing_name_from_credential_scope" time="0.002"></testcase><testcase classname="tests.unit.test_client.TestAutoGeneratedClient" name="test_client_uses_signing_name_from_model_if_present_if_resolved" time="0.004"></testcase><testcase classname="tests.unit.test_client.TestAutoGeneratedClient" name="test_client_uses_signing_region_from_credential_scope" time="0.004"></testcase><testcase classname="tests.unit.test_client.TestAutoGeneratedClient" name="test_client_validates_params_by_default" time="0.002"></testcase><testcase classname="tests.unit.test_client.TestAutoGeneratedClient" name="test_client_with_custom_both_timeout" time="0.003"></testcase><testcase classname="tests.unit.test_client.TestAutoGeneratedClient" name="test_client_with_custom_connect_timeout" time="0.002"></testcase><testcase classname="tests.unit.test_client.TestAutoGeneratedClient" name="test_client_with_custom_neither_timeout" time="0.002"></testcase><testcase classname="tests.unit.test_client.TestAutoGeneratedClient" name="test_client_with_custom_params" time="0.002"></testcase><testcase classname="tests.unit.test_client.TestAutoGeneratedClient" name="test_client_with_custom_read_timeout" time="0.003"></testcase><testcase classname="tests.unit.test_client.TestAutoGeneratedClient" name="test_client_with_endpoint_url" time="0.002"></testcase><testcase classname="tests.unit.test_client.TestAutoGeneratedClient" name="test_client_with_response_parser_factory" time="0.002"></testcase><testcase classname="tests.unit.test_client.TestAutoGeneratedClient" name="test_clients_have_meta_object" time="0.002"></testcase><testcase classname="tests.unit.test_client.TestAutoGeneratedClient" name="test_clients_inherit_handlers_from_session" time="0.003"></testcase><testcase classname="tests.unit.test_client.TestAutoGeneratedClient" name="test_clients_inherit_only_at_create_time" time="0.002"></testcase><testcase classname="tests.unit.test_client.TestAutoGeneratedClient" name="test_create_client_class_creates_class" time="0.002"></testcase><testcase classname="tests.unit.test_client.TestAutoGeneratedClient" name="test_create_client_class_forwards_api_version" time="0.002"></testcase><testcase classname="tests.unit.test_client.TestAutoGeneratedClient" name="test_custom_accelerate_url_forces_virtual_host" time="0.003"></testcase><testcase classname="tests.unit.test_client.TestAutoGeneratedClient" name="test_custom_endpoint_uses_path_style" time="0.058"></testcase><testcase classname="tests.unit.test_client.TestAutoGeneratedClient" name="test_event_emitted_when_invoked" time="0.003"></testcase><testcase classname="tests.unit.test_client.TestAutoGeneratedClient" name="test_events_are_per_client" time="0.004"></testcase><testcase classname="tests.unit.test_client.TestAutoGeneratedClient" name="test_operation_can_paginate" time="0.002"></testcase><testcase classname="tests.unit.test_client.TestAutoGeneratedClient" name="test_operation_cannot_paginate" time="0.002"></testcase><testcase classname="tests.unit.test_client.TestAutoGeneratedClient" name="test_paginator_class_name_from_client" time="0.002"></testcase><testcase classname="tests.unit.test_client.TestAutoGeneratedClient" name="test_paginator_help_from_client" time="0.006"></testcase><testcase classname="tests.unit.test_client.TestAutoGeneratedClient" name="test_service_creates_retryhandler" time="0.002"></testcase><testcase classname="tests.unit.test_client.TestAutoGeneratedClient" name="test_service_has_no_pagination_configs" time="0.002"></testcase><testcase classname="tests.unit.test_client.TestAutoGeneratedClient" name="test_service_has_no_waiter_configs" time="0.003"></testcase><testcase classname="tests.unit.test_client.TestAutoGeneratedClient" name="test_service_has_retry_event" time="0.003"></testcase><testcase classname="tests.unit.test_client.TestAutoGeneratedClient" name="test_service_has_waiter_configs" time="0.002"></testcase><testcase classname="tests.unit.test_client.TestAutoGeneratedClient" name="test_service_registers_retry_handler" time="0.002"></testcase><testcase classname="tests.unit.test_client.TestAutoGeneratedClient" name="test_service_retry_missing_config" time="0.004"></testcase><testcase classname="tests.unit.test_client.TestAutoGeneratedClient" name="test_signing_region_does_not_change_client_region" time="0.003"></testcase><testcase classname="tests.unit.test_client.TestAutoGeneratedClient" name="test_successful_pagination_object_created" time="0.002"></testcase><testcase classname="tests.unit.test_client.TestAutoGeneratedClient" name="test_try_to_paginate_non_paginated" time="0.002"></testcase><testcase classname="tests.unit.test_client.TestAutoGeneratedClient" name="test_waiter_config_uses_service_name_not_endpoint_prefix" time="0.002"></testcase><testcase classname="tests.unit.test_client.TestClientEndpointBridge" name="test_can_construct_dualstack_endpoint_when_enabled" time="0.000"></testcase><testcase classname="tests.unit.test_client.TestClientEndpointBridge" name="test_can_create_http_urls" time="0.001"></testcase><testcase classname="tests.unit.test_client.TestClientEndpointBridge" name="test_can_guess_endpoint_and_use_given_endpoint_url" time="0.001"></testcase><testcase classname="tests.unit.test_client.TestClientEndpointBridge" name="test_can_use_client_config" time="0.000"></testcase><testcase classname="tests.unit.test_client.TestClientEndpointBridge" name="test_can_use_endpoint_url_with_resolved_endpoint" time="0.000"></testcase><testcase classname="tests.unit.test_client.TestClientEndpointBridge" name="test_client_config_beats_scoped_config" time="0.000"></testcase><testcase classname="tests.unit.test_client.TestClientEndpointBridge" name="test_cred_scope_does_not_override_signing_region_if_endpoint_url" time="0.000"></testcase><testcase classname="tests.unit.test_client.TestClientEndpointBridge" name="test_credential_scope_overrides_signing_region" time="0.000"></testcase><testcase classname="tests.unit.test_client.TestClientEndpointBridge" name="test_disable_dualstack_explicitly" time="0.000"></testcase><testcase classname="tests.unit.test_client.TestClientEndpointBridge" name="test_does_not_use_https_if_not_available" time="0.001"></testcase><testcase classname="tests.unit.test_client.TestClientEndpointBridge" name="test_guesses_endpoint_as_last_resort" time="0.001"></testcase><testcase classname="tests.unit.test_client.TestClientEndpointBridge" name="test_honors_dns_suffix" time="0.000"></testcase><testcase classname="tests.unit.test_client.TestClientEndpointBridge" name="test_raises_when_signature_version_is_not_found" time="0.001"></testcase><testcase classname="tests.unit.test_client.TestClientEndpointBridge" name="test_raises_when_signature_version_is_unknown" time="0.000"></testcase><testcase classname="tests.unit.test_client.TestClientEndpointBridge" name="test_resolved_region_overrides_region_when_no_endpoint_url" time="0.000"></testcase><testcase classname="tests.unit.test_client.TestClientEndpointBridge" name="test_uses_credential_scope_signing_name" time="0.000"></testcase><testcase classname="tests.unit.test_client.TestClientEndpointBridge" name="test_uses_known_signers_from_list_of_signature_versions" time="0.000"></testcase><testcase classname="tests.unit.test_client.TestClientEndpointBridge" name="test_uses_region_from_client_config_if_available" time="0.001"></testcase><testcase classname="tests.unit.test_client.TestClientEndpointBridge" name="test_uses_s3_over_s3v4_for_s3" time="0.000"></testcase><testcase classname="tests.unit.test_client.TestClientEndpointBridge" name="test_uses_s3v4_over_others_for_s3" time="0.000"></testcase><testcase classname="tests.unit.test_client.TestClientEndpointBridge" name="test_uses_service_name_as_signing_name" time="0.000"></testcase><testcase classname="tests.unit.test_client.TestClientEndpointBridge" name="test_uses_service_signing_name_when_present_and_no_cred_scope" time="0.000"></testcase><testcase classname="tests.unit.test_client.TestClientEndpointBridge" name="test_uses_signature_version_from_client_config" time="0.000"></testcase><testcase classname="tests.unit.test_client.TestClientEndpointBridge" name="test_uses_signature_version_from_client_config_when_guessing" time="0.001"></testcase><testcase classname="tests.unit.test_client.TestClientEndpointBridge" name="test_uses_signature_version_from_scoped_config" time="0.001"></testcase><testcase classname="tests.unit.test_client.TestClientEndpointBridge" name="test_uses_ssl_common_name_over_hostname_if_present" time="0.000"></testcase><testcase classname="tests.unit.test_client.TestClientEndpointBridge" name="test_uses_us_east_1_by_default_for_s3" time="0.000"></testcase><testcase classname="tests.unit.test_client.TestClientEndpointBridge" name="test_uses_v4_over_other_signers" time="0.001"></testcase><testcase classname="tests.unit.test_client.TestClientErrors" name="test_anonymous_client_request" time="0.002"></testcase><testcase classname="tests.unit.test_client.TestClientErrors" name="test_api_version_is_passed_to_loader_if_provided" time="0.002"></testcase><testcase classname="tests.unit.test_client.TestClientErrors" name="test_before_call_short_circuits_request" time="0.002"></testcase><testcase classname="tests.unit.test_client.TestClientErrors" name="test_can_disable_param_validation_from_scoped_config" time="0.002"></testcase><testcase classname="tests.unit.test_client.TestClientErrors" name="test_can_set_credentials_in_client_init" time="0.002"></testcase><testcase classname="tests.unit.test_client.TestClientErrors" name="test_client_can_use_guessed_endpoints" time="0.002"></testcase><testcase classname="tests.unit.test_client.TestClientErrors" name="test_client_config_trumps_scoped_config" time="0.002"></testcase><testcase classname="tests.unit.test_client.TestClientErrors" name="test_client_create_unicode" time="0.002"></testcase><testcase classname="tests.unit.test_client.TestClientErrors" name="test_client_created_emits_events" time="0.002"></testcase><testcase classname="tests.unit.test_client.TestClientErrors" name="test_client_custom_user_agent_extra_in_request" time="0.003"></testcase><testcase classname="tests.unit.test_client.TestClientErrors" name="test_client_custom_user_agent_in_request" time="0.002"></testcase><testcase classname="tests.unit.test_client.TestClientErrors" name="test_client_default_for_s3_addressing_style" time="0.003"></testcase><testcase classname="tests.unit.test_client.TestClientErrors" name="test_client_doesnt_validate_params_when_validation_disabled" time="0.003"></testcase><testcase classname="tests.unit.test_client.TestClientErrors" name="test_client_error_message_for_positional_args" time="0.002"></testcase><testcase classname="tests.unit.test_client.TestClientErrors" name="test_client_generated_from_model" time="0.002"></testcase><testcase classname="tests.unit.test_client.TestClientErrors" name="test_client_has_endpoint_url_on_meta" time="0.002"></testcase><testcase classname="tests.unit.test_client.TestClientErrors" name="test_client_has_exceptions_attribute" time="0.002"></testcase><testcase classname="tests.unit.test_client.TestClientErrors" name="test_client_has_modeled_exceptions" time="0.003"></testcase><testcase classname="tests.unit.test_client.TestClientErrors" name="test_client_has_non_standard_partition_on_meta" time="0.002"></testcase><testcase classname="tests.unit.test_client.TestClientErrors" name="test_client_has_region_name_on_meta" time="0.003"></testcase><testcase classname="tests.unit.test_client.TestClientErrors" name="test_client_has_standard_partition_on_meta" time="0.002"></testcase><testcase classname="tests.unit.test_client.TestClientErrors" name="test_client_makes_call" time="0.002"></testcase><testcase classname="tests.unit.test_client.TestClientErrors" name="test_client_makes_call_with_error" time="0.005"></testcase><testcase classname="tests.unit.test_client.TestClientErrors" name="test_client_method_called_event" time="0.003"></testcase><testcase classname="tests.unit.test_client.TestClientErrors" name="test_client_method_docstring" time="0.003"></testcase><testcase classname="tests.unit.test_client.TestClientErrors" name="test_client_method_help" time="0.004"></testcase><testcase classname="tests.unit.test_client.TestClientErrors" name="test_client_method_to_api_mapping" time="0.002"></testcase><testcase classname="tests.unit.test_client.TestClientErrors" name="test_client_name" time="0.003"></testcase><testcase classname="tests.unit.test_client.TestClientErrors" name="test_client_name_using_abreviation" time="0.002"></testcase><testcase classname="tests.unit.test_client.TestClientErrors" name="test_client_name_with_amazon" time="0.002"></testcase><testcase classname="tests.unit.test_client.TestClientErrors" name="test_client_name_with_no_full_name_or_abbreviation" time="0.002"></testcase><testcase classname="tests.unit.test_client.TestClientErrors" name="test_client_name_with_non_alphabet_characters" time="0.002"></testcase><testcase classname="tests.unit.test_client.TestClientErrors" name="test_client_payload_signing_client_config_overrides_scoped" time="0.003"></testcase><testcase classname="tests.unit.test_client.TestClientErrors" name="test_client_payload_signing_from_client_config" time="0.003"></testcase><testcase classname="tests.unit.test_client.TestClientErrors" name="test_client_payload_signing_from_scoped_config" time="0.004"></testcase><testcase classname="tests.unit.test_client.TestClientErrors" name="test_client_payload_signing_from_varying_forms_of_true" time="0.003"></testcase><testcase classname="tests.unit.test_client.TestClientErrors" name="test_client_register_seperate_unique_id_event" time="0.003"></testcase><testcase classname="tests.unit.test_client.TestClientErrors" name="test_client_registers_request_created_handler" time="0.003"></testcase><testcase classname="tests.unit.test_client.TestClientErrors" name="test_client_s3_accelerate_client_config_overrides_scoped" time="0.002"></testcase><testcase classname="tests.unit.test_client.TestClientErrors" name="test_client_s3_accelerate_from_client_config" time="0.002"></testcase><testcase classname="tests.unit.test_client.TestClientErrors" name="test_client_s3_accelerate_from_scoped_config" time="0.002"></testcase><testcase classname="tests.unit.test_client.TestClientErrors" name="test_client_s3_accelerate_from_varying_forms_of_true" time="0.003"></testcase><testcase classname="tests.unit.test_client.TestClientErrors" name="test_client_s3_addressing_style_auto_registers_correctly" time="0.004"></testcase><testcase classname="tests.unit.test_client.TestClientErrors" name="test_client_s3_addressing_style_config_overrides_scoped_config" time="0.002"></testcase><testcase classname="tests.unit.test_client.TestClientErrors" name="test_client_s3_addressing_style_default_registers_correctly" time="0.004"></testcase><testcase classname="tests.unit.test_client.TestClientErrors" name="test_client_s3_addressing_style_path_registers_correctly" time="0.003"></testcase><testcase classname="tests.unit.test_client.TestClientErrors" name="test_client_s3_addressing_style_virtual_registers_correctly" time="0.003"></testcase><testcase classname="tests.unit.test_client.TestClientErrors" name="test_client_s3_addressing_style_with_bad_value" time="0.002"></testcase><testcase classname="tests.unit.test_client.TestClientErrors" name="test_client_s3_addressing_style_with_config" time="0.002"></testcase><testcase classname="tests.unit.test_client.TestClientErrors" name="test_client_s3_addressing_style_with_incorrect_style" time="0.001"></testcase><testcase classname="tests.unit.test_client.TestClientErrors" name="test_client_s3_addressing_style_with_scoped_config" time="0.002"></testcase><testcase classname="tests.unit.test_client.TestClientErrors" name="test_client_signature_no_override" time="0.005"></testcase><testcase classname="tests.unit.test_client.TestClientErrors" name="test_client_signature_override_arg" time="0.004"></testcase><testcase classname="tests.unit.test_client.TestClientErrors" name="test_client_signature_override_config_file" time="0.004"></testcase><testcase classname="tests.unit.test_client.TestClientErrors" name="test_client_signs_call" time="0.003"></testcase><testcase classname="tests.unit.test_client.TestClientErrors" name="test_client_user_agent_in_request" time="0.003"></testcase><testcase classname="tests.unit.test_client.TestClientErrors" name="test_client_uses_given_region_name_and_endpoint_url_when_present" time="0.004"></testcase><testcase classname="tests.unit.test_client.TestClientErrors" name="test_client_uses_signing_name_even_with_no_resolve" time="0.004"></testcase><testcase classname="tests.unit.test_client.TestClientErrors" name="test_client_uses_signing_name_from_credential_scope" time="0.003"></testcase><testcase classname="tests.unit.test_client.TestClientErrors" name="test_client_uses_signing_name_from_model_if_present_if_resolved" time="0.003"></testcase><testcase classname="tests.unit.test_client.TestClientErrors" name="test_client_uses_signing_region_from_credential_scope" time="0.003"></testcase><testcase classname="tests.unit.test_client.TestClientErrors" name="test_client_validates_params_by_default" time="0.003"></testcase><testcase classname="tests.unit.test_client.TestClientErrors" name="test_client_with_custom_both_timeout" time="0.002"></testcase><testcase classname="tests.unit.test_client.TestClientErrors" name="test_client_with_custom_connect_timeout" time="0.002"></testcase><testcase classname="tests.unit.test_client.TestClientErrors" name="test_client_with_custom_neither_timeout" time="0.002"></testcase><testcase classname="tests.unit.test_client.TestClientErrors" name="test_client_with_custom_params" time="0.002"></testcase><testcase classname="tests.unit.test_client.TestClientErrors" name="test_client_with_custom_read_timeout" time="0.002"></testcase><testcase classname="tests.unit.test_client.TestClientErrors" name="test_client_with_endpoint_url" time="0.004"></testcase><testcase classname="tests.unit.test_client.TestClientErrors" name="test_client_with_response_parser_factory" time="0.003"></testcase><testcase classname="tests.unit.test_client.TestClientErrors" name="test_clients_have_meta_object" time="0.002"></testcase><testcase classname="tests.unit.test_client.TestClientErrors" name="test_clients_inherit_handlers_from_session" time="0.004"></testcase><testcase classname="tests.unit.test_client.TestClientErrors" name="test_clients_inherit_only_at_create_time" time="0.003"></testcase><testcase classname="tests.unit.test_client.TestClientErrors" name="test_create_client_class_creates_class" time="0.003"></testcase><testcase classname="tests.unit.test_client.TestClientErrors" name="test_create_client_class_forwards_api_version" time="0.002"></testcase><testcase classname="tests.unit.test_client.TestClientErrors" name="test_custom_accelerate_url_forces_virtual_host" time="0.003"></testcase><testcase classname="tests.unit.test_client.TestClientErrors" name="test_custom_endpoint_uses_path_style" time="0.004"></testcase><testcase classname="tests.unit.test_client.TestClientErrors" name="test_error_with_dot_separated_code" time="0.003"></testcase><testcase classname="tests.unit.test_client.TestClientErrors" name="test_error_with_empty_code" time="0.003"></testcase><testcase classname="tests.unit.test_client.TestClientErrors" name="test_error_with_empty_contents" time="0.003"></testcase><testcase classname="tests.unit.test_client.TestClientErrors" name="test_error_with_empty_message" time="0.003"></testcase><testcase classname="tests.unit.test_client.TestClientErrors" name="test_error_with_missing_code" time="0.002"></testcase><testcase classname="tests.unit.test_client.TestClientErrors" name="test_error_with_no_wire_code" time="0.003"></testcase><testcase classname="tests.unit.test_client.TestClientErrors" name="test_event_emitted_when_invoked" time="0.003"></testcase><testcase classname="tests.unit.test_client.TestClientErrors" name="test_events_are_per_client" time="0.006"></testcase><testcase classname="tests.unit.test_client.TestClientErrors" name="test_exception_classes_across_clients_are_the_same" time="0.004"></testcase><testcase classname="tests.unit.test_client.TestClientErrors" name="test_operation_can_paginate" time="0.003"></testcase><testcase classname="tests.unit.test_client.TestClientErrors" name="test_operation_cannot_paginate" time="0.003"></testcase><testcase classname="tests.unit.test_client.TestClientErrors" name="test_paginator_class_name_from_client" time="0.004"></testcase><testcase classname="tests.unit.test_client.TestClientErrors" name="test_paginator_help_from_client" time="0.008"></testcase><testcase classname="tests.unit.test_client.TestClientErrors" name="test_service_creates_retryhandler" time="0.003"></testcase><testcase classname="tests.unit.test_client.TestClientErrors" name="test_service_has_no_pagination_configs" time="0.002"></testcase><testcase classname="tests.unit.test_client.TestClientErrors" name="test_service_has_no_waiter_configs" time="0.002"></testcase><testcase classname="tests.unit.test_client.TestClientErrors" name="test_service_has_retry_event" time="0.003"></testcase><testcase classname="tests.unit.test_client.TestClientErrors" name="test_service_has_waiter_configs" time="0.089"></testcase><testcase classname="tests.unit.test_client.TestClientErrors" name="test_service_registers_retry_handler" time="0.003"></testcase><testcase classname="tests.unit.test_client.TestClientErrors" name="test_service_retry_missing_config" time="0.002"></testcase><testcase classname="tests.unit.test_client.TestClientErrors" name="test_signing_region_does_not_change_client_region" time="0.003"></testcase><testcase classname="tests.unit.test_client.TestClientErrors" name="test_successful_pagination_object_created" time="0.002"></testcase><testcase classname="tests.unit.test_client.TestClientErrors" name="test_try_to_paginate_non_paginated" time="0.002"></testcase><testcase classname="tests.unit.test_client.TestClientErrors" name="test_waiter_config_uses_service_name_not_endpoint_prefix" time="0.002"></testcase><testcase classname="tests.unit.test_client.TestConfig" name="test_can_use_args_to_construct" time="0.000"></testcase><testcase classname="tests.unit.test_client.TestConfig" name="test_can_use_kwargs_to_construct" time="0.000"></testcase><testcase classname="tests.unit.test_client.TestConfig" name="test_can_use_mix_of_args_and_kwargs" time="0.000"></testcase><testcase classname="tests.unit.test_client.TestConfig" name="test_create_with_multiple_kwargs" time="0.000"></testcase><testcase classname="tests.unit.test_client.TestConfig" name="test_general_merge_keeps_default_values" time="0.000"></testcase><testcase classname="tests.unit.test_client.TestConfig" name="test_invalid_kwargs" time="0.000"></testcase><testcase classname="tests.unit.test_client.TestConfig" name="test_merge_overrides_only_when_user_provided_values" time="0.000"></testcase><testcase classname="tests.unit.test_client.TestConfig" name="test_merge_overrides_values" time="0.000"></testcase><testcase classname="tests.unit.test_client.TestConfig" name="test_merge_overrides_values_even_when_using_default" time="0.000"></testcase><testcase classname="tests.unit.test_client.TestConfig" name="test_merge_overrides_values_even_when_using_default_timeout" time="0.000"></testcase><testcase classname="tests.unit.test_client.TestConfig" name="test_merge_returns_new_config_object" time="0.000"></testcase><testcase classname="tests.unit.test_client.TestConfig" name="test_pass_invalid_length_of_args" time="0.000"></testcase><testcase classname="tests.unit.test_compat.TestEnsureBytes" name="test_binary" time="0.000"></testcase><testcase classname="tests.unit.test_compat.TestEnsureBytes" name="test_non_ascii" time="0.000"></testcase><testcase classname="tests.unit.test_compat.TestEnsureBytes" name="test_non_string_or_bytes_raises_error" time="0.000"></testcase><testcase classname="tests.unit.test_compat.TestEnsureBytes" name="test_string" time="0.000"></testcase><testcase classname="tests.unit.test_compat.TestEnsureBytes" name="test_unicode" time="0.000"></testcase><testcase classname="tests.unit.test_compat.TestGetMD5" name="test_available" time="0.000"></testcase><testcase classname="tests.unit.test_compat.TestGetMD5" name="test_unavailable_raises_error" time="0.000"></testcase><testcase classname="tests.unit.test_compat.TestUnquoteStr" name="test_unquote_normal" time="0.000"></testcase><testcase classname="tests.unit.test_compat.TestUnquoteStr" name="test_unquote_str" time="0.000"></testcase><testcase classname="tests.unit.test_compat.TestUnquoteStr" name="test_unquote_with_spaces" time="0.000"></testcase><testcase classname="tests.unit.test_compat.TotalSecondsTest" name="test_total_seconds" time="0.000"></testcase><testcase classname="tests.unit.test_configloader.TestConfigLoader" name="test_bad_profiles_are_ignored" time="0.002"></testcase><testcase classname="tests.unit.test_configloader.TestConfigLoader" name="test_config" time="0.001"></testcase><testcase classname="tests.unit.test_configloader.TestConfigLoader" name="test_config_not_found" time="0.000"></testcase><testcase classname="tests.unit.test_configloader.TestConfigLoader" name="test_config_parse_error" time="0.001"></testcase><testcase classname="tests.unit.test_configloader.TestConfigLoader" name="test_multi_file_load" time="0.002"></testcase><testcase classname="tests.unit.test_configloader.TestConfigLoader" name="test_nested_bad_config" time="0.001"></testcase><testcase classname="tests.unit.test_configloader.TestConfigLoader" name="test_nested_hierarchy_parsing" time="0.001"></testcase><testcase classname="tests.unit.test_configloader.TestConfigLoader" name="test_nested_hierarchy_with_no_subsection_parsing" time="0.000"></testcase><testcase classname="tests.unit.test_configloader.TestConfigLoader" name="test_profile_map_conversion" time="0.001"></testcase><testcase classname="tests.unit.test_endpoint.TestAWSSession" name="test_auth_header_preserved_from_s3_redirects" time="0.002"></testcase><testcase classname="tests.unit.test_endpoint.TestAWSSession" name="test_max_pool_conns_injects_custom_adapter" time="0.000"></testcase><testcase classname="tests.unit.test_endpoint.TestEndpointCreator" name="test_can_specify_max_pool_conns" time="0.001"></testcase><testcase classname="tests.unit.test_endpoint.TestEndpointCreator" name="test_create_endpoint_with_customized_timeout" time="0.001"></testcase><testcase classname="tests.unit.test_endpoint.TestEndpointCreator" name="test_create_endpoint_with_default_timeout" time="0.001"></testcase><testcase classname="tests.unit.test_endpoint.TestEndpointCreator" name="test_creates_endpoint_with_configured_url" time="0.001"></testcase><testcase classname="tests.unit.test_endpoint.TestEndpointCreator" name="test_env_ignored_if_explicitly_passed" time="0.001"></testcase><testcase classname="tests.unit.test_endpoint.TestEndpointCreator" name="test_get_endpoint_default_verify_ssl" time="0.001"></testcase><testcase classname="tests.unit.test_endpoint.TestEndpointCreator" name="test_honor_cert_bundle_env_var" time="0.001"></testcase><testcase classname="tests.unit.test_endpoint.TestEndpointCreator" name="test_verify_ssl_can_be_disabled" time="0.001"></testcase><testcase classname="tests.unit.test_endpoint.TestEndpointCreator" name="test_verify_ssl_can_specify_cert_bundle" time="0.001"></testcase><testcase classname="tests.unit.test_endpoint.TestEndpointFeatures" name="test_can_specify_max_pool_connections" time="0.002"></testcase><testcase classname="tests.unit.test_endpoint.TestEndpointFeatures" name="test_make_request_injects_better_bad_status_line_error_msg" time="0.003"></testcase><testcase classname="tests.unit.test_endpoint.TestEndpointFeatures" name="test_make_request_injects_better_dns_error_msg" time="0.003"></testcase><testcase classname="tests.unit.test_endpoint.TestEndpointFeatures" name="test_make_request_no_signature_version" time="0.005"></testcase><testcase classname="tests.unit.test_endpoint.TestEndpointFeatures" name="test_make_request_with_context" time="0.004"></testcase><testcase classname="tests.unit.test_endpoint.TestEndpointFeatures" name="test_make_request_with_no_auth" time="0.003"></testcase><testcase classname="tests.unit.test_endpoint.TestEndpointFeatures" name="test_make_request_with_proxies" time="0.003"></testcase><testcase classname="tests.unit.test_endpoint.TestEndpointFeatures" name="test_timeout_can_be_specified" time="0.003"></testcase><testcase classname="tests.unit.test_endpoint.TestRetryInterface" name="test_retry_attempts_added_to_response_metadata" time="0.003"></testcase><testcase classname="tests.unit.test_endpoint.TestRetryInterface" name="test_retry_attempts_is_zero_when_not_retried" time="0.003"></testcase><testcase classname="tests.unit.test_endpoint.TestRetryInterface" name="test_retry_events_are_emitted" time="0.005"></testcase><testcase classname="tests.unit.test_endpoint.TestRetryInterface" name="test_retry_events_can_alter_behavior" time="0.004"></testcase><testcase classname="tests.unit.test_endpoint.TestRetryInterface" name="test_retry_on_socket_errors" time="0.003"></testcase><testcase classname="tests.unit.test_endpoint.TestS3ResetStreamOnRetry" name="test_reset_stream_on_retry" time="0.005"></testcase><testcase classname="tests.unit.test_errorfactory.TestBaseClientExceptions" name="test_from_code" time="0.000"></testcase><testcase classname="tests.unit.test_errorfactory.TestBaseClientExceptions" name="test_from_code_nonmatch_defaults_to_client_error" time="0.000"></testcase><testcase classname="tests.unit.test_errorfactory.TestBaseClientExceptions" name="test_gettattr_message" time="0.000"></testcase><testcase classname="tests.unit.test_errorfactory.TestBaseClientExceptions" name="test_has_client_error" time="0.000"></testcase><testcase classname="tests.unit.test_errorfactory.TestClientExceptionsFactory" name="test_class_name" time="0.000"></testcase><testcase classname="tests.unit.test_errorfactory.TestClientExceptionsFactory" name="test_collects_modeled_exceptions_for_all_operations" time="0.000"></testcase><testcase classname="tests.unit.test_errorfactory.TestClientExceptionsFactory" name="test_creates_modeled_exception" time="0.000"></testcase><testcase classname="tests.unit.test_errorfactory.TestClientExceptionsFactory" name="test_creates_modeled_exception_mapping_that_has_code" time="0.000"></testcase><testcase classname="tests.unit.test_errorfactory.TestClientExceptionsFactory" name="test_creates_modeled_exception_mapping_that_has_no_code" time="0.000"></testcase><testcase classname="tests.unit.test_exceptions" name="test_client_error_can_handle_missing_code_or_message" time="0.000"></testcase><testcase classname="tests.unit.test_exceptions" name="test_client_error_has_operation_name_set" time="0.000"></testcase><testcase classname="tests.unit.test_exceptions" name="test_client_error_set_correct_operation_name" time="0.000"></testcase><testcase classname="tests.unit.test_exceptions" name="test_retry_info_added_when_present" time="0.000"></testcase><testcase classname="tests.unit.test_exceptions" name="test_retry_info_not_added_if_retry_attempts_not_present" time="0.000"></testcase><testcase classname="tests.unit.test_handlers.TestAddMD5" name="test_add_md5_raises_error_when_md5_unavailable" time="0.001"></testcase><testcase classname="tests.unit.test_handlers.TestAddMD5" name="test_add_md5_with_bytearray_object" time="0.001"></testcase><testcase classname="tests.unit.test_handlers.TestAddMD5" name="test_add_md5_with_bytes_object" time="0.001"></testcase><testcase classname="tests.unit.test_handlers.TestAddMD5" name="test_add_md5_with_file_like_body" time="0.002"></testcase><testcase classname="tests.unit.test_handlers.TestAddMD5" name="test_adds_md5_when_s3v2" time="0.002"></testcase><testcase classname="tests.unit.test_handlers.TestAddMD5" name="test_adds_md5_when_s3v4" time="0.002"></testcase><testcase classname="tests.unit.test_handlers.TestAddMD5" name="test_adds_md5_when_v4" time="0.002"></testcase><testcase classname="tests.unit.test_handlers.TestAddMD5" name="test_conditional_does_not_add_when_md5_unavailable" time="0.002"></testcase><testcase classname="tests.unit.test_handlers.TestConvertStringBodyToFileLikeObject" name="test_binary" time="0.001"></testcase><testcase classname="tests.unit.test_handlers.TestConvertStringBodyToFileLikeObject" name="test_file" time="0.001"></testcase><testcase classname="tests.unit.test_handlers.TestConvertStringBodyToFileLikeObject" name="test_non_ascii_characters" time="0.001"></testcase><testcase classname="tests.unit.test_handlers.TestConvertStringBodyToFileLikeObject" name="test_string" time="0.001"></testcase><testcase classname="tests.unit.test_handlers.TestConvertStringBodyToFileLikeObject" name="test_unicode" time="0.001"></testcase><testcase classname="tests.unit.test_handlers.TestHandlers" name="test_200_response_with_no_error_left_untouched" time="0.001"></testcase><testcase classname="tests.unit.test_handlers.TestHandlers" name="test_500_response_can_be_none" time="0.001"></testcase><testcase classname="tests.unit.test_handlers.TestHandlers" name="test_500_status_code_set_for_200_response" time="0.002"></testcase><testcase classname="tests.unit.test_handlers.TestHandlers" name="test_accept_header_not_added_if_present" time="0.001"></testcase><testcase classname="tests.unit.test_handlers.TestHandlers" name="test_account_id_not_added_if_present" time="0.001"></testcase><testcase classname="tests.unit.test_handlers.TestHandlers" name="test_application_json_header_added" time="0.001"></testcase><testcase classname="tests.unit.test_handlers.TestHandlers" name="test_bucket_too_long_raises_exception" time="0.001"></testcase><testcase classname="tests.unit.test_handlers.TestHandlers" name="test_cant_decode_quoted_jsondoc" time="0.003"></testcase><testcase classname="tests.unit.test_handlers.TestHandlers" name="test_copy_source_has_validation_failure" time="0.001"></testcase><testcase classname="tests.unit.test_handlers.TestHandlers" name="test_copy_source_ignored_if_not_dict" time="0.001"></testcase><testcase classname="tests.unit.test_handlers.TestHandlers" name="test_copy_source_supports_dict" time="0.001"></testcase><testcase classname="tests.unit.test_handlers.TestHandlers" name="test_copy_source_supports_optional_version_id" time="0.001"></testcase><testcase classname="tests.unit.test_handlers.TestHandlers" name="test_copy_source_with_multiple_questions" time="0.001"></testcase><testcase clas
[...]
    self.cmd('exit')
  File "/Users/WBHuber/Documents/ClevDev/ibm-cos-sdk-python-core/tests/__init__.py", line 245, in cmd
    self.send_cmd(*cmd)
  File "/Users/WBHuber/Documents/ClevDev/ibm-cos-sdk-python-core/tests/__init__.py", line 226, in send_cmd
    self._popen.stdin.write(cmd_bytes)
IOError: [Errno 32] Broken pipe
]]></error></testcase><testcase classname="tests.functional.leak.test_resource_leaks.TestDoesNotLeakMemory" name="test_create_memory_paginators_in_loop" time="0.157"><error type="exceptions.RuntimeError" message="Error from command '('create_multiple_paginators', '200', 's3', 'list_objects')': "><![CDATA[Traceback (most recent call last):
  File "/usr/local/Cellar/python/2.7.11/Frameworks/Python.framework/Versions/2.7/lib/python2.7/unittest/case.py", line 329, in run
    testMethod()
  File "/Users/WBHuber/Documents/ClevDev/ibm-cos-sdk-python-core/tests/functional/leak/test_resource_leaks.py", line 107, in test_create_memory_paginators_in_loop
    self.cmd('create_multiple_paginators', '200', 's3', 'list_objects')
  File "/Users/WBHuber/Documents/ClevDev/ibm-cos-sdk-python-core/tests/__init__.py", line 151, in cmd
    self.driver.cmd(*args)
  File "/Users/WBHuber/Documents/ClevDev/ibm-cos-sdk-python-core/tests/__init__.py", line 249, in cmd
    "Error from command '%s': %s" % (cmd, result))
RuntimeError: Error from command '('create_multiple_paginators', '200', 's3', 'list_objects')': 
]]></error></testcase><testcase classname="tests.functional.leak.test_resource_leaks.TestDoesNotLeakMemory" name="test_create_memory_paginators_in_loop" time="0.159"><error type="exceptions.IOError" message="[Errno 32] Broken pipe"><![CDATA[Traceback (most recent call last):
  File "/usr/local/Cellar/python/2.7.11/Frameworks/Python.framework/Versions/2.7/lib/python2.7/unittest/case.py", line 358, in run
    self.tearDown()
  File "/Users/WBHuber/Documents/ClevDev/ibm-cos-sdk-python-core/tests/__init__.py", line 164, in tearDown
    self.driver.stop()
  File "/Users/WBHuber/Documents/ClevDev/ibm-cos-sdk-python-core/tests/__init__.py", line 203, in stop
    self.cmd('exit')
  File "/Users/WBHuber/Documents/ClevDev/ibm-cos-sdk-python-core/tests/__init__.py", line 245, in cmd
    self.send_cmd(*cmd)
  File "/Users/WBHuber/Documents/ClevDev/ibm-cos-sdk-python-core/tests/__init__.py", line 226, in send_cmd
    self._popen.stdin.write(cmd_bytes)
IOError: [Errno 32] Broken pipe
]]></error></testcase><testcase classname="tests.functional.leak.test_resource_leaks.TestDoesNotLeakMemory" name="test_create_memory_waiters_in_loop" time="0.156"><error type="exceptions.RuntimeError" message="Error from command '('create_multiple_waiters', '200', 's3', 'bucket_exists')': "><![CDATA[Traceback (most recent call last):
  File "/usr/local/Cellar/python/2.7.11/Frameworks/Python.framework/Versions/2.7/lib/python2.7/unittest/case.py", line 329, in run
    testMethod()
  File "/Users/WBHuber/Documents/ClevDev/ibm-cos-sdk-python-core/tests/functional/leak/test_resource_leaks.py", line 81, in test_create_memory_waiters_in_loop
    self.cmd('create_multiple_waiters', '200', 's3', 'bucket_exists')
  File "/Users/WBHuber/Documents/ClevDev/ibm-cos-sdk-python-core/tests/__init__.py", line 151, in cmd
    self.driver.cmd(*args)
  File "/Users/WBHuber/Documents/ClevDev/ibm-cos-sdk-python-core/tests/__init__.py", line 249, in cmd
    "Error from command '%s': %s" % (cmd, result))
RuntimeError: Error from command '('create_multiple_waiters', '200', 's3', 'bucket_exists')': 
]]></error></testcase><testcase classname="tests.functional.leak.test_resource_leaks.TestDoesNotLeakMemory" name="test_create_memory_waiters_in_loop" time="0.157"><error type="exceptions.IOError" message="[Errno 32] Broken pipe"><![CDATA[Traceback (most recent call last):
  File "/usr/local/Cellar/python/2.7.11/Frameworks/Python.framework/Versions/2.7/lib/python2.7/unittest/case.py", line 358, in run
    self.tearDown()
  File "/Users/WBHuber/Documents/ClevDev/ibm-cos-sdk-python-core/tests/__init__.py", line 164, in tearDown
    self.driver.stop()
  File "/Users/WBHuber/Documents/ClevDev/ibm-cos-sdk-python-core/tests/__init__.py", line 203, in stop
    self.cmd('exit')
  File "/Users/WBHuber/Documents/ClevDev/ibm-cos-sdk-python-core/tests/__init__.py", line 245, in cmd
    self.send_cmd(*cmd)
  File "/Users/WBHuber/Documents/ClevDev/ibm-cos-sdk-python-core/tests/__init__.py", line 226, in send_cmd
    self._popen.stdin.write(cmd_bytes)
IOError: [Errno 32] Broken pipe
]]></error></testcase><testcase classname="tests.functional.leak.test_resource_leaks.TestDoesNotLeakMemory" name="test_create_single_client_memory_constant" time="0.163"><error type="exceptions.RuntimeError" message="Error from command '('create_client', 's3')': "><![CDATA[Traceback (most recent call last):
  File "/usr/local/Cellar/python/2.7.11/Frameworks/Python.framework/Versions/2.7/lib/python2.7/unittest/case.py", line 329, in run
    testMethod()
  File "/Users/WBHuber/Documents/ClevDev/ibm-cos-sdk-python-core/tests/functional/leak/test_resource_leaks.py", line 29, in test_create_single_client_memory_constant
    self.cmd('create_client', 's3')
  File "/Users/WBHuber/Documents/ClevDev/ibm-cos-sdk-python-core/tests/__init__.py", line 151, in cmd
    self.driver.cmd(*args)
  File "/Users/WBHuber/Documents/ClevDev/ibm-cos-sdk-python-core/tests/__init__.py", line 249, in cmd
    "Error from command '%s': %s" % (cmd, result))
RuntimeError: Error from command '('create_client', 's3')': 
]]></error></testcase><testcase classname="tests.functional.leak.test_resource_leaks.TestDoesNotLeakMemory" name="test_create_single_client_memory_constant" time="0.163"><error type="exceptions.IOError" message="[Errno 32] Broken pipe"><![CDATA[Traceback (most recent call last):
  File "/usr/local/Cellar/python/2.7.11/Frameworks/Python.framework/Versions/2.7/lib/python2.7/unittest/case.py", line 358, in run
    self.tearDown()
  File "/Users/WBHuber/Documents/ClevDev/ibm-cos-sdk-python-core/tests/__init__.py", line 164, in tearDown
    self.driver.stop()
  File "/Users/WBHuber/Documents/ClevDev/ibm-cos-sdk-python-core/tests/__init__.py", line 203, in stop
    self.cmd('exit')
  File "/Users/WBHuber/Documents/ClevDev/ibm-cos-sdk-python-core/tests/__init__.py", line 245, in cmd
    self.send_cmd(*cmd)
  File "/Users/WBHuber/Documents/ClevDev/ibm-cos-sdk-python-core/tests/__init__.py", line 226, in send_cmd
    self._popen.stdin.write(cmd_bytes)
IOError: [Errno 32] Broken pipe
]]></error></testcase><testcase classname="tests.functional.leak.test_resource_leaks.TestDoesNotLeakMemory" name="test_create_single_paginator_memory_constant" time="0.165"><error type="exceptions.RuntimeError" message="Error from command '('create_paginator', 's3', 'list_objects')': "><![CDATA[Traceback (most recent call last):
  File "/usr/local/Cellar/python/2.7.11/Frameworks/Python.framework/Versions/2.7/lib/python2.7/unittest/case.py", line 329, in run
    testMethod()
  File "/Users/WBHuber/Documents/ClevDev/ibm-cos-sdk-python-core/tests/functional/leak/test_resource_leaks.py", line 94, in test_create_single_paginator_memory_constant
    self.cmd('create_paginator', 's3', 'list_objects')
  File "/Users/WBHuber/Documents/ClevDev/ibm-cos-sdk-python-core/tests/__init__.py", line 151, in cmd
    self.driver.cmd(*args)
  File "/Users/WBHuber/Documents/ClevDev/ibm-cos-sdk-python-core/tests/__init__.py", line 249, in cmd
    "Error from command '%s': %s" % (cmd, result))
RuntimeError: Error from command '('create_paginator', 's3', 'list_objects')': 
]]></error></testcase><testcase classname="tests.functional.leak.test_resource_leaks.TestDoesNotLeakMemory" name="test_create_single_paginator_memory_constant" time="0.166"><error type="exceptions.IOError" message="[Errno 32] Broken pipe"><![CDATA[Traceback (most recent call last):
  File "/usr/local/Cellar/python/2.7.11/Frameworks/Python.framework/Versions/2.7/lib/python2.7/unittest/case.py", line 358, in run
    self.tearDown()
  File "/Users/WBHuber/Documents/ClevDev/ibm-cos-sdk-python-core/tests/__init__.py", line 164, in tearDown
    self.driver.stop()
  File "/Users/WBHuber/Documents/ClevDev/ibm-cos-sdk-python-core/tests/__init__.py", line 203, in stop
    self.cmd('exit')
  File "/Users/WBHuber/Documents/ClevDev/ibm-cos-sdk-python-core/tests/__init__.py", line 245, in cmd
    self.send_cmd(*cmd)
  File "/Users/WBHuber/Documents/ClevDev/ibm-cos-sdk-python-core/tests/__init__.py", line 226, in send_cmd
    self._popen.stdin.write(cmd_bytes)
IOError: [Errno 32] Broken pipe
]]></error></testcase><testcase classname="tests.functional.leak.test_resource_leaks.TestDoesNotLeakMemory" name="test_create_single_waiter_memory_constant" time="0.158"><error type="exceptions.RuntimeError" message="Error from command '('create_waiter', 's3', 'bucket_exists')': "><![CDATA[Traceback (most recent call last):
  File "/usr/local/Cellar/python/2.7.11/Frameworks/Python.framework/Versions/2.7/lib/python2.7/unittest/case.py", line 329, in run
    testMethod()
  File "/Users/WBHuber/Documents/ClevDev/ibm-cos-sdk-python-core/tests/functional/leak/test_resource_leaks.py", line 68, in test_create_single_waiter_memory_constant
    self.cmd('create_waiter', 's3', 'bucket_exists')
  File "/Users/WBHuber/Documents/ClevDev/ibm-cos-sdk-python-core/tests/__init__.py", line 151, in cmd
    self.driver.cmd(*args)
  File "/Users/WBHuber/Documents/ClevDev/ibm-cos-sdk-python-core/tests/__init__.py", line 249, in cmd
    "Error from command '%s': %s" % (cmd, result))
RuntimeError: Error from command '('create_waiter', 's3', 'bucket_exists')': 
]]></error></testcase><testcase classname="tests.functional.leak.test_resource_leaks.TestDoesNotLeakMemory" name="test_create_single_waiter_memory_constant" time="0.159"><error type="exceptions.IOError" message="[Errno 32] Broken pipe"><![CDATA[Traceback (most recent call last):
  File "/usr/local/Cellar/python/2.7.11/Frameworks/Python.framework/Versions/2.7/lib/python2.7/unittest/case.py", line 358, in run
    self.tearDown()
  File "/Users/WBHuber/Documents/ClevDev/ibm-cos-sdk-python-core/tests/__init__.py", line 164, in tearDown
    self.driver.stop()
  File "/Users/WBHuber/Documents/ClevDev/ibm-cos-sdk-python-core/tests/__init__.py", line 203, in stop
    self.cmd('exit')
  File "/Users/WBHuber/Documents/ClevDev/ibm-cos-sdk-python-core/tests/__init__.py", line 245, in cmd
    self.send_cmd(*cmd)
  File "/Users/WBHuber/Documents/ClevDev/ibm-cos-sdk-python-core/tests/__init__.py", line 226, in send_cmd
    self._popen.stdin.write(cmd_bytes)
IOError: [Errno 32] Broken pipe
]]></error></testcase><testcase classname="tests.functional.test_client_class_names" name="test_client_has_correct_class_name(&lt;ibm_botocore.client.S3 object at 0x11bf84fd0&gt;, 'S3')" time="0.000"></testcase><testcase classname="tests.functional.test_client_metadata.TestClientMeta" name="test_client_has_china_partition_on_meta" time="0.038"></testcase><testcase classname="tests.functional.test_client_metadata.TestClientMeta" name="test_client_has_gov_partition_on_meta" time="0.038"></testcase><testcase classname="tests.functional.test_client_metadata.TestClientMeta" name="test_client_has_no_partition_on_meta_if_custom_region" time="0.038"></testcase><testcase classname="tests.functional.test_client_metadata.TestClientMeta" name="test_client_has_standard_partition_on_meta" time="0.036"></testcase><testcase classname="tests.functional.test_client_metadata.TestClientMeta" name="test_endpoint_url_on_meta" time="0.040"></testcase><testcase classname="tests.functional.test_client_metadata.TestClientMeta" name="test_region_name_on_meta" time="0.037"></testcase><testcase classname="tests.functional.test_credentials.TestCredentialRefreshRaces" name="test_has_no_race_conditions" time="7.976"></testcase><testcase classname="tests.functional.test_credentials.TestCredentialRefreshRaces" name="test_no_race_for_immediate_advisory_expiration" time="0.205"></testcase><testcase classname="tests.functional.test_endpoints" name="test_endpoint_matches_service(u's3', set(['s3']))" time="0.000"></testcase><testcase classname="tests.functional.test_endpoints" name="test_endpoint_matches_service(u's3', set(['s3']))" time="0.000"></testcase><testcase classname="tests.functional.test_endpoints" name="test_endpoint_matches_service(u's3', set(['s3']))" time="0.000"></testcase><testcase classname="tests.functional.test_endpoints" name="test_service_name_matches_endpoint_prefix(&lt;ibm_botocore.loaders.Loader object at 0x11d255e50&gt;, 's3')" time="0.023"></testcase><testcase classname="tests.functional.test_loaders.TestLoaderAllowsDataPathOverride" name="test_can_override_session" time="0.002"></testcase><testcase classname="tests.functional.test_paginator_config" name="test_lint_pagination_configs(u'ListMultipartUploads', OrderedDict([(u'limit_key', u'MaxUploads'), (u'more_results', u'IsTruncated'), (u'output_token', [u'NextKeyMarker', u'NextUploadIdMarker']), (u'input_token', [u'KeyMarker', u'UploadIdMarker']), (u'result_key', [u'Uploads', u'CommonPrefixes'])]), &lt;ibm_botocore.model.ServiceModel object at 0x11cb966d0&gt;)" time="0.001"></testcase><testcase classname="tests.functional.test_paginator_config" name="test_lint_pagination_configs(u'ListObjects', OrderedDict([(u'more_results', u'IsTruncated'), (u'limit_key', u'MaxKeys'), (u'output_token', u'NextMarker || Contents[-1].Key'), (u'input_token', u'Marker'), (u'result_key', [u'Contents', u'CommonPrefixes'])]), &lt;ibm_botocore.model.ServiceModel object at 0x11cb966d0&gt;)" time="0.001"></testcase><testcase classname="tests.functional.test_paginator_config" name="test_lint_pagination_configs(u'ListObjectsV2', OrderedDict([(u'more_results', u'IsTruncated'), (u'limit_key', u'MaxKeys'), (u'output_token', u'NextContinuationToken'), (u'input_token', u'ContinuationToken'), (u'result_key', [u'Contents', u'CommonPrefixes'])]), &lt;ibm_botocore.model.ServiceModel object at 0x11cb966d0&gt;)" time="0.001"></testcase><testcase classname="tests.functional.test_paginator_config" name="test_lint_pagination_configs(u'ListParts', OrderedDict([(u'more_results', u'IsTruncated'), (u'limit_key', u'MaxParts'), (u'output_token', u'NextPartNumberMarker'), (u'input_token', u'PartNumberMarker'), (u'result_key', u'Parts'), (u'non_aggregate_keys', [u'Initiator', u'Owner', u'StorageClass'])]), &lt;ibm_botocore.model.ServiceModel object at 0x11cb966d0&gt;)" time="0.001"></testcase><testcase classname="tests.functional.test_regions" name="test_all_s3_endpoints_have_s3v4" time="0.007"></testcase><testcase classname="tests.functional.test_regions" name="test_known_endpoints('s3', 'https://s3.amazonaws.com', &lt;ibm_botocore.regions.EndpointResolver object at 0x118f392d0&gt;)" time="0.000"></testcase><testcase classname="tests.functional.test_regions" name="test_non_partition_endpoint_requires_region" time="0.002"></testcase><testcase classname="tests.functional.test_retry.TestRetry" name="test_can_clobber_max_attempts_on_session" time="0.015"></testcase><testcase classname="tests.functional.test_retry.TestRetry" name="test_can_override_max_attempts" time="0.014"></testcase><testcase classname="tests.functional.test_retry.TestRetry" name="test_do_not_attempt_retries" time="0.011"></testcase><testcase classname="tests.functional.test_retry.TestRetry" name="test_service_specific_defaults_do_not_mutate_general_defaults" time="0.001"></testcase><testcase classname="tests.functional.test_retry.TestRetry" name="test_set_max_attempts_on_session" time="0.014"></testcase><testcase classname="tests.functional.test_retry.TestRetry" name="test_setting_max_attempts_does_not_set_for_other_clients" time="0.022"></testcase><testcase classname="tests.functional.test_session.TestSession" name="test_credentials_with_profile_precedence" time="0.002"></testcase><testcase classname="tests.functional.test_session.TestSession" name="test_does_not_provide_regions_for_mismatch_service_name" time="0.004"></testcase><testcase classname="tests.functional.test_session.TestSession" name="test_profile_does_not_win_if_all_from_env_vars" time="0.003"></testcase><testcase classname="tests.functional.test_session.TestSession" name="test_profile_precedence" time="0.001"></testcase><testcase classname="tests.functional.test_session.TestSession" name="test_provides_available_regions_for_different_endpoint_prefix" time="0.030"></testcase><testcase classname="tests.functional.test_session.TestSession" name="test_provides_available_regions_for_same_endpoint_prefix" time="0.031"></testcase><testcase classname="tests.functional.test_session.TestSession" name="test_session_profile_overrides_env_vars" time="0.003"></testcase><testcase classname="tests.functional.test_stub.TestStubber" name="test_ANY_repr" time="0.405"></testcase><testcase classname="tests.functional.test_stub.TestStubber" name="test_activated_stubber_errors_with_no_registered_stubs" time="0.031"></testcase><testcase classname="tests.functional.test_stub.TestStubber" name="test_any_ignores_param_for_validation" time="0.034"></testcase><testcase classname="tests.functional.test_stub.TestStubber" name="test_can_add_expected_params_to_client_error" time="0.035"></testcase><testcase classname="tests.functional.test_stub.TestStubber" name="test_can_continue_to_call_after_expected_params_fail" time="0.035"></testcase><testcase classname="tests.functional.test_stub.TestStubber" name="test_can_expected_param_fails_in_client_error" time="0.031"></testcase><testcase classname="tests.functional.test_stub.TestStubber" name="test_client_error_response" time="0.037"></testcase><testcase classname="tests.functional.test_stub.TestStubber" name="test_context_manager_returns_response" time="0.035"></testcase><testcase classname="tests.functional.test_stub.TestStubber" name="test_expected_params_fail" time="0.034"></testcase><testcase classname="tests.functional.test_stub.TestStubber" name="test_expected_params_mixed_with_errors_responses" time="0.036"></testcase><testcase classname="tests.functional.test_stub.TestStubber" name="test_expected_params_success" time="0.035"></testcase><testcase classname="tests.functional.test_stub.TestStubber" name="test_many_expected_params" time="0.037"></testcase><testcase classname="tests.functional.test_stub.TestStubber" name="test_mixed_any_and_concrete_params" time="0.039"></testcase><testcase classname="tests.functional.test_stub.TestStubber" name="test_nested_any_param" time="0.039"></testcase><testcase classname="tests.functional.test_stub.TestStubber" name="test_none_param" time="0.361"></testcase><testcase classname="tests.functional.test_stub.TestStubber" name="test_still_relies_on_param_validation_with_expected_params" time="0.038"></testcase><testcase classname="tests.functional.test_stub.TestStubber" name="test_stubber_errors_when_stubs_are_used_up" time="0.037"></testcase><testcase classname="tests.functional.test_stub.TestStubber" name="test_stubber_returns_response" time="0.036"></testcase><testcase classname="tests.functional.test_waiter_config" name="test_lint_waiter_configs(&lt;ibm_botocore.client.S3 object at 0x118f68810&gt;, u'bucket_exists', &lt;ibm_botocore.model.ServiceModel object at 0x11bcb3a10&gt;)" time="0.000"></testcase><testcase classname="tests.functional.test_waiter_config" name="test_lint_waiter_configs(&lt;ibm_botocore.client.S3 object at 0x118f68810&gt;, u'bucket_not_exists', &lt;ibm_botocore.model.ServiceModel object at 0x11bcb3a10&gt;)" time="0.000"></testcase><testcase classname="tests.functional.test_waiter_config" name="test_lint_waiter_configs(&lt;ibm_botocore.client.S3 object at 0x118f68810&gt;, u'object_exists', &lt;ibm_botocore.model.ServiceModel object at 0x11bcb3a10&gt;)" time="0.000"></testcase><testcase classname="tests.functional.test_waiter_config" name="test_lint_waiter_configs(&lt;ibm_botocore.client.S3 object at 0x118f68810&gt;, u'object_not_exists', &lt;ibm_botocore.model.ServiceModel object at 0x11bcb3a10&gt;)" time="0.000"></testcase></testsuite>